"../../../Engine/Content/EngineMaterials/T_Default_Material_Grid_M.uasset" 0
"../../../Engine/Content/EngineMaterials/T_Default_Material_Grid_M.uexp" 1
"../../../Engine/Content/EngineMaterials/T_Default_Material_Grid_N.uasset" 2
"../../../Engine/Content/EngineMaterials/T_Default_Material_Grid_N.uexp" 3
"../../../Engine/Content/Functions/Engine_MaterialFunctions01/Opacity/CameraDepthFade.uasset" 4
"../../../Engine/Content/Functions/Engine_MaterialFunctions01/Opacity/CameraDepthFade.uexp" 5
"../../../Engine/Content/EngineMaterials/DefaultMaterial.uasset" 6
"../../../Engine/Content/EngineMaterials/DefaultMaterial.uexp" 7
"../../../Engine/Content/BasicShapes/Sphere.uasset" 8
"../../../Engine/Content/BasicShapes/Sphere.uexp" 9
"../../../Engine/Content/EngineMaterials/WorldGridMaterial.uasset" 10
"../../../Engine/Content/EngineMaterials/WorldGridMaterial.uexp" 11
"../../../Engine/Content/BasicShapes/Plane.uasset" 12
"../../../Engine/Content/BasicShapes/Plane.uexp" 13
"../../../Engine/Content/BasicShapes/Cylinder.uasset" 14
"../../../Engine/Content/BasicShapes/Cylinder.uexp" 15
"../../../Engine/Content/BasicShapes/Cube.uasset" 16
"../../../Engine/Content/BasicShapes/Cube.uexp" 17
"../../../Engine/Content/BasicShapes/Cone.uasset" 18
"../../../Engine/Content/BasicShapes/Cone.uexp" 19
"../../../Engine/Content/ArtTools/RenderToTexture/Meshes/S_1_Unit_Plane.uasset" 20
"../../../Engine/Content/ArtTools/RenderToTexture/Meshes/S_1_Unit_Plane.uexp" 21
"../../../Engine/Content/EditorLandscapeResources/DefaultAlphaTexture.uasset" 22
"../../../Engine/Content/EditorLandscapeResources/DefaultAlphaTexture.uexp" 23
"../../../Engine/Content/EditorLandscapeResources/DataLayer.uasset" 24
"../../../Engine/Content/EditorLandscapeResources/DataLayer.uexp" 25
"../../../Engine/Content/EditorMaterials/PreviewShadowIndicator.uasset" 26
"../../../Engine/Content/EditorMaterials/PreviewShadowIndicator.uexp" 27
"../../../Engine/Content/EditorMaterials/PreviewShadowIndicatorMaterial.uasset" 28
"../../../Engine/Content/EditorMaterials/PreviewShadowIndicatorMaterial.uexp" 29
"../../../Engine/Content/EditorMaterials/MAT_Groups_Visibility.uasset" 30
"../../../Engine/Content/EditorMaterials/MAT_Groups_Visibility.uexp" 31
"../../../Engine/Content/EditorMaterials/MAT_Groups_Toggle.uasset" 32
"../../../Engine/Content/EditorMaterials/MAT_Groups_Toggle.uexp" 33
"../../../Engine/Content/EditorMaterials/MatineeGroups/MAT_Groups_Vector.uasset" 34
"../../../Engine/Content/EditorMaterials/MatineeGroups/MAT_Groups_Vector.uexp" 35
"../../../Engine/Content/EditorMaterials/MatineeGroups/MAT_Groups_Sound.uasset" 36
"../../../Engine/Content/EditorMaterials/MatineeGroups/MAT_Groups_Sound.uexp" 37
"../../../Engine/Content/EditorMaterials/MatineeGroups/MAT_Groups_Slomo.uasset" 38
"../../../Engine/Content/EditorMaterials/MatineeGroups/MAT_Groups_Slomo.uexp" 39
"../../../Engine/Content/EditorMaterials/MatineeGroups/MAT_Groups_Move.uasset" 40
"../../../Engine/Content/EditorMaterials/MatineeGroups/MAT_Groups_Move.uexp" 41
"../../../Engine/Content/EditorMaterials/MatineeGroups/MAT_Groups_Float.uasset" 42
"../../../Engine/Content/EditorMaterials/MatineeGroups/MAT_Groups_Float.uexp" 43
"../../../Engine/Content/EditorMaterials/MatineeGroups/MAT_Groups_Fade.uasset" 44
"../../../Engine/Content/EditorMaterials/MatineeGroups/MAT_Groups_Fade.uexp" 45
"../../../Engine/Content/EditorMaterials/MatineeGroups/MAT_Groups_Event.uasset" 46
"../../../Engine/Content/EditorMaterials/MatineeGroups/MAT_Groups_Event.uexp" 47
"../../../Engine/Content/EditorMaterials/MatineeGroups/MAT_Groups_Director.uasset" 48
"../../../Engine/Content/EditorMaterials/MatineeGroups/MAT_Groups_Director.uexp" 49
"../../../Engine/Content/EditorMaterials/MatineeGroups/MAT_Groups_AudioMaster.uasset" 50
"../../../Engine/Content/EditorMaterials/MatineeGroups/MAT_Groups_AudioMaster.uexp" 51
"../../../Engine/Content/EditorMaterials/MatineeGroups/MAT_Groups_Anim.uasset" 52
"../../../Engine/Content/EditorMaterials/MatineeGroups/MAT_Groups_Anim.uexp" 53
"../../../Engine/Content/EditorMaterials/MatineeGroups/MAT_ColorTrack.uasset" 54
"../../../Engine/Content/EditorMaterials/MatineeGroups/MAT_ColorTrack.uexp" 55
"../../../Engine/Content/EditorMaterials/ParticleSystems/PSysThumbnail_OOD.uasset" 56
"../../../Engine/Content/EditorMaterials/ParticleSystems/PSysThumbnail_OOD.uexp" 57
"../../../Engine/Content/EditorMaterials/ParticleSystems/PSysThumbnail_NoImage.uasset" 58
"../../../Engine/Content/EditorMaterials/ParticleSystems/PSysThumbnail_NoImage.uexp" 59
"../../../Engine/Content/Functions/Engine_MaterialFunctions02/Utility/MakeFloat4.uasset" 60
"../../../Engine/Content/Functions/Engine_MaterialFunctions02/Utility/MakeFloat4.uexp" 61
"../../../Engine/Content/Functions/Engine_MaterialFunctions02/Utility/MakeFloat3.uasset" 62
"../../../Engine/Content/Functions/Engine_MaterialFunctions02/Utility/MakeFloat3.uexp" 63
"../../../Engine/Content/Functions/Engine_MaterialFunctions02/Utility/BreakOutFloat3Components.uasset" 64
"../../../Engine/Content/Functions/Engine_MaterialFunctions02/Utility/BreakOutFloat3Components.uexp" 65
"../../../Engine/Content/EditorMaterials/WorldPartition/WorldPartitionSpatialHashGridPreviewMaterial.uasset" 66
"../../../Engine/Content/EditorMaterials/WorldPartition/WorldPartitionSpatialHashGridPreviewMaterial.uexp" 67
"../../../Engine/Content/EditorMaterials/Camera/CineMat.uasset" 68
"../../../Engine/Content/EditorMaterials/Camera/CineMat.uexp" 69
"../../../Engine/Content/EditorMaterials/Camera/MI_CineMat_Rig.uasset" 70
"../../../Engine/Content/EditorMaterials/Camera/MI_CineMat_Rig.uexp" 71
"../../../Engine/Content/EditorMeshes/Camera/SM_RailRig_Track.uasset" 72
"../../../Engine/Content/EditorMeshes/Camera/SM_RailRig_Track.uexp" 73
"../../../Engine/Content/EditorMeshes/Camera/SM_RailRig_Mount.uasset" 74
"../../../Engine/Content/EditorMeshes/Camera/SM_RailRig_Mount.uexp" 75
"../../../Engine/Content/EditorMeshes/Camera/SM_CraneRig_Mount.uasset" 76
"../../../Engine/Content/EditorMeshes/Camera/SM_CraneRig_Mount.uexp" 77
"../../../Engine/Content/EditorMeshes/Camera/SM_CraneRig_Body.uasset" 78
"../../../Engine/Content/EditorMeshes/Camera/SM_CraneRig_Body.uexp" 79
"../../../Engine/Content/EditorMeshes/Camera/SM_CraneRig_Base.uasset" 80
"../../../Engine/Content/EditorMeshes/Camera/SM_CraneRig_Base.uexp" 81
"../../../Engine/Content/EditorMeshes/Camera/SM_CraneRig_Arm.uasset" 82
"../../../Engine/Content/EditorMeshes/Camera/SM_CraneRig_Arm.uexp" 83
"../../../Engine/Content/EditorResources/S_TriggerSphere.uasset" 84
"../../../Engine/Content/EditorResources/S_TriggerSphere.uexp" 85
"../../../Engine/Content/EditorResources/S_TriggerCapsule.uasset" 86
"../../../Engine/Content/EditorResources/S_TriggerCapsule.uexp" 87
"../../../Engine/Content/EditorResources/S_TriggerBox.uasset" 88
"../../../Engine/Content/EditorResources/S_TriggerBox.uexp" 89
"../../../Engine/Content/EditorResources/S_Trigger.uasset" 90
"../../../Engine/Content/EditorResources/S_Trigger.uexp" 91
"../../../Engine/Content/EditorResources/S_Terrain.uasset" 92
"../../../Engine/Content/EditorResources/S_Terrain.uexp" 93
"../../../Engine/Content/EditorResources/S_Solver.uasset" 94
"../../../Engine/Content/EditorResources/S_Solver.uexp" 95
"../../../Engine/Content/EditorResources/S_BoxReflectionCapture.uasset" 96
"../../../Engine/Content/EditorResources/S_BoxReflectionCapture.uexp" 97
"../../../Engine/Content/EditorResources/S_Actor.uasset" 98
"../../../Engine/Content/EditorResources/S_Actor.uexp" 99
"../../../Engine/Content/EditorResources/EmptyActor.uasset" 100
"../../../Engine/Content/EditorResources/EmptyActor.uexp" 101
"../../../Engine/Content/EditorResources/BSPVertex.uasset" 102
"../../../Engine/Content/EditorResources/BSPVertex.uexp" 103
"../../../Engine/Content/EditorResources/SequenceRecorder/RecordingIndicator.uasset" 104
"../../../Engine/Content/EditorResources/SequenceRecorder/RecordingIndicator.uexp" 105
"../../../Engine/Content/EditorResources/SequenceRecorder/Countdown.uasset" 106
"../../../Engine/Content/EditorResources/SequenceRecorder/Countdown.uexp" 107
"../../../Engine/Content/EngineDamageTypes/DmgTypeBP_Environmental.uasset" 108
"../../../Engine/Content/EngineDamageTypes/DmgTypeBP_Environmental.uexp" 109
"../../../Engine/Content/Functions/Engine_MaterialFunctions02/Utility/CameraDirectionVector.uasset" 110
"../../../Engine/Content/Functions/Engine_MaterialFunctions02/Utility/CameraDirectionVector.uexp" 111
"../../../Engine/Content/EngineDebugMaterials/VolumeToRender.uasset" 112
"../../../Engine/Content/EngineDebugMaterials/VolumeToRender.uexp" 113
"../../../Engine/Content/EngineDebugMaterials/M_VolumeRenderSphereTracePP.uasset" 114
"../../../Engine/Content/EngineDebugMaterials/M_VolumeRenderSphereTracePP.uexp" 115
"../../../Engine/Content/EngineDebugMaterials/M_SimpleUnlitTranslucent.uasset" 116
"../../../Engine/Content/EngineDebugMaterials/M_SimpleUnlitTranslucent.uexp" 117
"../../../Engine/Content/EngineDebugMaterials/DebugMeshMaterial.uasset" 118
"../../../Engine/Content/EngineDebugMaterials/DebugMeshMaterial.uexp" 119
"../../../Engine/Content/EngineDebugMaterials/DebugEditorMaterial.uasset" 120
"../../../Engine/Content/EngineDebugMaterials/DebugEditorMaterial.uexp" 121
"../../../Engine/Content/EngineFonts/Faces/RobotoLight.uexp" 122
"../../../Engine/Content/EngineFonts/Faces/RobotoLight.uasset" 123
"../../../Engine/Content/EngineFonts/Faces/RobotoLight.ufont" 124
"../../../Engine/Content/EngineFonts/Faces/RobotoBold.uexp" 125
"../../../Engine/Content/EngineFonts/Faces/RobotoBold.uasset" 126
"../../../Engine/Content/EngineFonts/Faces/RobotoBold.ufont" 127
"../../../Engine/Content/EngineFonts/Faces/RobotoRegular.uexp" 128
"../../../Engine/Content/EngineFonts/Faces/RobotoRegular.uasset" 129
"../../../Engine/Content/EngineFonts/Faces/RobotoRegular.ufont" 130
"../../../Engine/Content/EngineFonts/Faces/DroidSansFallback.uexp" 131
"../../../Engine/Content/EngineFonts/Faces/DroidSansFallback.uasset" 132
"../../../Engine/Content/EngineFonts/Faces/DroidSansFallback.ufont" 133
"../../../Engine/Content/EngineFonts/Faces/RobotoItalic.uexp" 134
"../../../Engine/Content/EngineFonts/Faces/RobotoItalic.uasset" 135
"../../../Engine/Content/EngineFonts/Faces/RobotoItalic.ufont" 136
"../../../Engine/Content/EngineFonts/Faces/RobotoBoldItalic.uexp" 137
"../../../Engine/Content/EngineFonts/Faces/RobotoBoldItalic.uasset" 138
"../../../Engine/Content/EngineFonts/Faces/RobotoBoldItalic.ufont" 139
"../../../Engine/Content/EngineResources/WhiteSquareTexture.uasset" 140
"../../../Engine/Content/EngineResources/WhiteSquareTexture.uexp" 141
"../../../Engine/Content/EngineMaterials/Widget3DPassThrough.uasset" 142
"../../../Engine/Content/EngineMaterials/Widget3DPassThrough.uexp" 143
"../../../Engine/Content/EngineMaterials/Widget3DPassThrough_Translucent.uasset" 144
"../../../Engine/Content/EngineMaterials/Widget3DPassThrough_Translucent.uexp" 145
"../../../Engine/Content/EngineMaterials/Widget3DPassThrough_Translucent_OneSided.uasset" 146
"../../../Engine/Content/EngineMaterials/Widget3DPassThrough_Translucent_OneSided.uexp" 147
"../../../Engine/Content/EngineMaterials/Widget3DPassThrough_Opaque.uasset" 148
"../../../Engine/Content/EngineMaterials/Widget3DPassThrough_Opaque.uexp" 149
"../../../Engine/Content/EngineMaterials/Widget3DPassThrough_Opaque_OneSided.uasset" 150
"../../../Engine/Content/EngineMaterials/Widget3DPassThrough_Opaque_OneSided.uexp" 151
"../../../Engine/Content/EngineMaterials/Widget3DPassThrough_Masked_OneSided.uasset" 152
"../../../Engine/Content/EngineMaterials/Widget3DPassThrough_Masked_OneSided.uexp" 153
"../../../Engine/Content/EngineMaterials/Widget3DPassThrough_Masked.uasset" 154
"../../../Engine/Content/EngineMaterials/Widget3DPassThrough_Masked.uexp" 155
"../../../Engine/Content/EngineMaterials/WeightMapPlaceholderTexture.uasset" 156
"../../../Engine/Content/EngineMaterials/WeightMapPlaceholderTexture.uexp" 157
"../../../Engine/Content/EngineMaterials/RemoveSurfaceMaterial.uasset" 158
"../../../Engine/Content/EngineMaterials/RemoveSurfaceMaterial.uexp" 159
"../../../Engine/Content/EngineMeshes/Sphere.uasset" 160
"../../../Engine/Content/EngineMeshes/Sphere.uexp" 161
"../../../Engine/Content/EngineMaterials/PreintegratedSkinBRDF.uasset" 162
"../../../Engine/Content/EngineMaterials/PreintegratedSkinBRDF.uexp" 163
"../../../Engine/Content/EngineMaterials/DefaultCalibrationGrayscale.uasset" 164
"../../../Engine/Content/EngineMaterials/DefaultCalibrationGrayscale.uexp" 165
"../../../Engine/Content/EngineMaterials/PPM_DefaultCalibrationGrayscale.uasset" 166
"../../../Engine/Content/EngineMaterials/PPM_DefaultCalibrationGrayscale.uexp" 167
"../../../Engine/Content/EngineMaterials/DefaultCalibrationColor.uasset" 168
"../../../Engine/Content/EngineMaterials/DefaultCalibrationColor.uexp" 169
"../../../Engine/Content/EngineMaterials/PPM_DefaultCalibrationColor.uasset" 170
"../../../Engine/Content/EngineMaterials/PPM_DefaultCalibrationColor.uexp" 171
"../../../Engine/Content/Functions/Engine_MaterialFunctions02/WorldPositionOffset/CameraOffset.uasset" 172
"../../../Engine/Content/Functions/Engine_MaterialFunctions02/WorldPositionOffset/CameraOffset.uexp" 173
"../../../Engine/Content/EngineMaterials/PhAT_JointLimitMaterial.uasset" 174
"../../../Engine/Content/EngineMaterials/PhAT_JointLimitMaterial.uexp" 175
"../../../Engine/Content/EngineMaterials/InvalidLightmapSettings.uasset" 176
"../../../Engine/Content/EngineMaterials/InvalidLightmapSettings.uexp" 177
"../../../Engine/Content/EngineMaterials/M_InvalidLightmapSettings.uasset" 178
"../../../Engine/Content/EngineMaterials/M_InvalidLightmapSettings.uexp" 179
"../../../Engine/Content/EngineMaterials/MiniFont.uasset" 180
"../../../Engine/Content/EngineMaterials/MiniFont.uexp" 181
"../../../Engine/Content/EngineMaterials/Good64x64TilingNoiseHighFreq.uasset" 182
"../../../Engine/Content/EngineMaterials/Good64x64TilingNoiseHighFreq.uexp" 183
"../../../Engine/Content/EngineMaterials/GizmoMaterial.uasset" 184
"../../../Engine/Content/EngineMaterials/GizmoMaterial.uexp" 185
"../../../Engine/Content/EngineMaterials/BaseFlattenEmissiveMap_VT.uasset" 186
"../../../Engine/Content/EngineMaterials/BaseFlattenEmissiveMap_VT.uexp" 187
"../../../Engine/Content/EngineMaterials/BaseFlattenGrayscaleMap_VT.uasset" 188
"../../../Engine/Content/EngineMaterials/BaseFlattenGrayscaleMap_VT.uexp" 189
"../../../Engine/Content/EngineMaterials/BaseFlattenLinearColor_VT.uasset" 190
"../../../Engine/Content/EngineMaterials/BaseFlattenLinearColor_VT.uexp" 191
"../../../Engine/Content/EngineMaterials/Black_1x1_EXR_Texture_VT.uasset" 192
"../../../Engine/Content/EngineMaterials/Black_1x1_EXR_Texture_VT.uexp" 193
"../../../Engine/Content/EngineMaterials/BaseFlattenDiffuseMap_VT.uasset" 194
"../../../Engine/Content/EngineMaterials/BaseFlattenDiffuseMap_VT.uexp" 195
"../../../Engine/Content/EngineMaterials/BaseFlattenNormalMap_VT.uasset" 196
"../../../Engine/Content/EngineMaterials/BaseFlattenNormalMap_VT.uexp" 197
"../../../Engine/Content/EngineMaterials/FlattenMaterial_WS_Normal_VT.uasset" 198
"../../../Engine/Content/EngineMaterials/FlattenMaterial_WS_Normal_VT.uexp" 199
"../../../Engine/Content/EngineMaterials/FlattenMaterial_VT.uasset" 200
"../../../Engine/Content/EngineMaterials/FlattenMaterial_VT.uexp" 201
"../../../Engine/Content/EngineMaterials/BaseFlattenNormalMap.uasset" 202
"../../../Engine/Content/EngineMaterials/BaseFlattenNormalMap.uexp" 203
"../../../Engine/Content/EngineMaterials/BaseFlattenGrayscaleMap.uasset" 204
"../../../Engine/Content/EngineMaterials/BaseFlattenGrayscaleMap.uexp" 205
"../../../Engine/Content/EngineMaterials/BaseFlattenDiffuseMap.uasset" 206
"../../../Engine/Content/EngineMaterials/BaseFlattenDiffuseMap.uexp" 207
"../../../Engine/Content/Functions/Engine_MaterialFunctions02/PivotPainter2/Black_1x1_EXR_Texture.uasset" 208
"../../../Engine/Content/Functions/Engine_MaterialFunctions02/PivotPainter2/Black_1x1_EXR_Texture.uexp" 209
"../../../Engine/Content/EngineMaterials/BaseFlattenEmissiveMap.uasset" 210
"../../../Engine/Content/EngineMaterials/BaseFlattenEmissiveMap.uexp" 211
"../../../Engine/Content/EngineMaterials/BaseFlattenLinearColor.uasset" 212
"../../../Engine/Content/EngineMaterials/BaseFlattenLinearColor.uexp" 213
"../../../Engine/Content/EngineMaterials/FlattenMaterial.uasset" 214
"../../../Engine/Content/EngineMaterials/FlattenMaterial.uexp" 215
"../../../Engine/Content/EngineMaterials/DefaultWhiteGrid_Low.uasset" 216
"../../../Engine/Content/EngineMaterials/DefaultWhiteGrid_Low.uexp" 217
"../../../Engine/Content/EngineMaterials/EmissiveMeshMaterial.uasset" 218
"../../../Engine/Content/EngineMaterials/EmissiveMeshMaterial.uexp" 219
"../../../Engine/Content/EngineMaterials/DefaultWhiteGrid.uasset" 220
"../../../Engine/Content/EngineMaterials/DefaultWhiteGrid.uexp" 221
"../../../Engine/Content/EngineMaterials/DefaultTextMaterialOpaque.uasset" 222
"../../../Engine/Content/EngineMaterials/DefaultTextMaterialOpaque.uexp" 223
"../../../Engine/Content/EngineMaterials/DefaultDiffuse.uasset" 224
"../../../Engine/Content/EngineMaterials/DefaultDiffuse.uexp" 225
"../../../Engine/Content/Functions/Engine_MaterialFunctions02/Utility/BreakOutFloat2Components.uasset" 226
"../../../Engine/Content/Functions/Engine_MaterialFunctions02/Utility/BreakOutFloat2Components.uexp" 227
"../../../Engine/Content/EngineMaterials/DefaultPostProcessMaterial.uasset" 228
"../../../Engine/Content/EngineMaterials/DefaultPostProcessMaterial.uexp" 229
"../../../Engine/Content/EngineMaterials/DefaultPhysicalMaterial.uasset" 230
"../../../Engine/Content/EngineMaterials/DefaultPhysicalMaterial.uexp" 231
"../../../Engine/Content/EngineMaterials/DefaultLightFunctionMaterial.uasset" 232
"../../../Engine/Content/EngineMaterials/DefaultLightFunctionMaterial.uexp" 233
"../../../Engine/Content/EngineMaterials/DefaultDestructiblePhysicalMaterial.uasset" 234
"../../../Engine/Content/EngineMaterials/DefaultDestructiblePhysicalMaterial.uexp" 235
"../../../Engine/Content/EngineMaterials/DefaultDeferredDecalMaterial.uasset" 236
"../../../Engine/Content/EngineMaterials/DefaultDeferredDecalMaterial.uexp" 237
"../../../Engine/Content/EngineMaterials/DefaultBokeh.uasset" 238
"../../../Engine/Content/EngineMaterials/DefaultBokeh.uexp" 239
"../../../Engine/Content/EngineMaterials/DefaultBloomKernel.uasset" 240
"../../../Engine/Content/EngineMaterials/DefaultBloomKernel.uexp" 241
"../../../Engine/Content/EngineMaterials/BlueNoise.uasset" 242
"../../../Engine/Content/EngineMaterials/BlueNoise.uexp" 243
"../../../Engine/Content/EngineResources/GradientTexture0.uasset" 244
"../../../Engine/Content/EngineResources/GradientTexture0.uexp" 245
"../../../Engine/Content/EngineResources/DefaultVolumeTexture2D.uasset" 246
"../../../Engine/Content/EngineResources/DefaultVolumeTexture2D.uexp" 247
"../../../Engine/Content/EngineResources/DefaultVolumeTexture.uasset" 248
"../../../Engine/Content/EngineResources/DefaultVolumeTexture.uexp" 249
"../../../Engine/Content/EngineResources/DefaultTextureCube.uasset" 250
"../../../Engine/Content/EngineResources/DefaultTextureCube.uexp" 251
"../../../Engine/Content/EngineResources/DefaultTexture.uasset" 252
"../../../Engine/Content/EngineResources/DefaultTexture.uexp" 253
"../../../Engine/Content/EngineResources/Black.uasset" 254
"../../../Engine/Content/EngineResources/Black.uexp" 255
"../../../Engine/Content/EngineResources/FilmGrains/Marcie_Grain_v3_128_M2_000.uasset" 256
"../../../Engine/Content/EngineResources/FilmGrains/Marcie_Grain_v3_128_M2_000.uexp" 257
"../../../Engine/Content/EngineSky/T_Sky_Stars.uasset" 258
"../../../Engine/Content/EngineSky/T_Sky_Stars.uexp" 259
"../../../Engine/Content/EngineSky/T_Sky_Clouds_M.uasset" 260
"../../../Engine/Content/EngineSky/T_Sky_Clouds_M.uexp" 261
"../../../Engine/Content/EngineSky/T_Sky_Blue.uasset" 262
"../../../Engine/Content/EngineSky/T_Sky_Blue.uexp" 263
"../../../Engine/Content/EngineSky/M_Sky_Panning_Clouds2.uasset" 264
"../../../Engine/Content/EngineSky/M_Sky_Panning_Clouds2.uexp" 265
"../../../Engine/Content/EngineSky/SM_SkySphere.uasset" 266
"../../../Engine/Content/EngineSky/SM_SkySphere.uexp" 267
"../../../Engine/Content/EngineSky/M_SimpleSkyDome.uasset" 268
"../../../Engine/Content/EngineSky/M_SimpleSkyDome.uexp" 269
"../../../Engine/Content/EngineSky/VolumetricClouds/CloudWeatherTexture.uasset" 270
"../../../Engine/Content/EngineSky/VolumetricClouds/CloudWeatherTexture.uexp" 271
"../../../Engine/Content/Functions/Engine_MaterialFunctions02/Utility/MakeFloat2.uasset" 272
"../../../Engine/Content/Functions/Engine_MaterialFunctions02/Utility/MakeFloat2.uexp" 273
"../../../Engine/Content/EngineSky/VolumetricClouds/CloudGradientTexture.uasset" 274
"../../../Engine/Content/EngineSky/VolumetricClouds/CloudGradientTexture.uexp" 275
"../../../Engine/Content/EngineSky/VolumetricClouds/T_NoiseShape64.uasset" 276
"../../../Engine/Content/EngineSky/VolumetricClouds/T_NoiseShape64.uexp" 277
"../../../Engine/Content/EngineSky/VolumetricClouds/T_VolumeNoiseShape64.uasset" 278
"../../../Engine/Content/EngineSky/VolumetricClouds/T_VolumeNoiseShape64.uexp" 279
"../../../Engine/Content/EngineSky/VolumetricClouds/T_NoiseErosion.uasset" 280
"../../../Engine/Content/EngineSky/VolumetricClouds/T_NoiseErosion.uexp" 281
"../../../Engine/Content/EngineSky/VolumetricClouds/T_VolumeNoiseErosion32.uasset" 282
"../../../Engine/Content/EngineSky/VolumetricClouds/T_VolumeNoiseErosion32.uexp" 283
"../../../Engine/Content/EngineSky/VolumetricClouds/m_SimpleVolumetricCloud.uasset" 284
"../../../Engine/Content/EngineSky/VolumetricClouds/m_SimpleVolumetricCloud.uexp" 285
"../../../Engine/Content/EngineSky/VolumetricClouds/m_SimpleVolumetricCloud_Inst.uasset" 286
"../../../Engine/Content/EngineSky/VolumetricClouds/m_SimpleVolumetricCloud_Inst.uexp" 287
"../../../Engine/Content/EngineSounds/Master.uasset" 288
"../../../Engine/Content/EngineSounds/Master.uexp" 289
"../../../Engine/Content/Functions/Engine_MaterialFunctions01/Shading/PowerToRoughness.uasset" 290
"../../../Engine/Content/Functions/Engine_MaterialFunctions01/Shading/PowerToRoughness.uexp" 291
"../../../Engine/Content/Functions/Engine_MaterialFunctions01/Shading/ConvertFromDiffSpec.uasset" 292
"../../../Engine/Content/Functions/Engine_MaterialFunctions01/Shading/ConvertFromDiffSpec.uexp" 293
"../../../Engine/Content/MobileResources/HUD/VirtualJoystick_Background.uasset" 294
"../../../Engine/Content/MobileResources/HUD/VirtualJoystick_Background.uexp" 295
"../../../Engine/Content/MobileResources/HUD/VirtualJoystick_Thumb.uasset" 296
"../../../Engine/Content/MobileResources/HUD/VirtualJoystick_Thumb.uexp" 297
"../../../Engine/Content/MobileResources/HUD/DefaultVirtualJoysticks.uasset" 298
"../../../Engine/Content/MobileResources/HUD/DefaultVirtualJoysticks.uexp" 299
"../../../Engine/Content/OpenWorldTemplate/HLOD/HLOD0_Instancing.uasset" 300
"../../../Engine/Content/OpenWorldTemplate/HLOD/HLOD0_Instancing.uexp" 301
"../../../Engine/Content/EngineMaterials/BlendFunc_DefBlend.uasset" 302
"../../../Engine/Content/EngineMaterials/BlendFunc_DefBlend.uexp" 303
"../../../Engine/Content/EngineMaterials/BlendFunc_DefBase.uasset" 304
"../../../Engine/Content/EngineMaterials/BlendFunc_DefBase.uexp" 305
"../../../Engine/Content/Functions/Engine_MaterialFunctions03/Blends/Blend_Overlay.uasset" 306
"../../../Engine/Content/Functions/Engine_MaterialFunctions03/Blends/Blend_Overlay.uexp" 307
"../../../Engine/Content/OpenWorldTemplate/LandscapeMaterial/T_GridChecker_A.uasset" 308
"../../../Engine/Content/OpenWorldTemplate/LandscapeMaterial/T_GridChecker_A.uexp" 309
"../../../Engine/Content/Functions/Engine_MaterialFunctions01/Gradient/LinearGradient.uasset" 310
"../../../Engine/Content/Functions/Engine_MaterialFunctions01/Gradient/LinearGradient.uexp" 311
"../../../Engine/Content/Functions/Engine_MaterialFunctions01/ImageAdjustment/CheapContrast.uasset" 312
"../../../Engine/Content/Functions/Engine_MaterialFunctions01/ImageAdjustment/CheapContrast.uexp" 313
"../../../Engine/Content/OpenWorldTemplate/LandscapeMaterial/MF_ProcGrid.uasset" 314
"../../../Engine/Content/OpenWorldTemplate/LandscapeMaterial/MF_ProcGrid.uexp" 315
"../../../Engine/Content/OpenWorldTemplate/LandscapeMaterial/M_ProcGrid.uasset" 316
"../../../Engine/Content/OpenWorldTemplate/LandscapeMaterial/M_ProcGrid.uexp" 317
"../../../Engine/Content/Tutorial/ContentIntroCurve.uasset" 318
"../../../Engine/Content/Tutorial/ContentIntroCurve.uexp" 319
"../../../Engine/Content/VREditor/TransformGizmo/Main.uasset" 320
"../../../Engine/Content/VREditor/TransformGizmo/Main.uexp" 321
"../../../Engine/Content/VREditor/TransformGizmo/Xray.uasset" 322
"../../../Engine/Content/VREditor/TransformGizmo/Xray.uexp" 323
"../../../Engine/Content/VREditor/TransformGizmo/SM_Sequencer_Node.uasset" 324
"../../../Engine/Content/VREditor/TransformGizmo/SM_Sequencer_Node.uexp" 325
"../../../Engine/Content/VREditor/LaserPointer/VR_LaserPower_01.uasset" 326
"../../../Engine/Content/VREditor/LaserPointer/VR_LaserPower_01.uexp" 327
"../../../Engine/Content/VREditor/TransformGizmo/TransformGizmoMaterial.uasset" 328
"../../../Engine/Content/VREditor/TransformGizmo/TransformGizmoMaterial.uexp" 329
"../../../Engine/Content/VREditor/TransformGizmo/TranslucentTransformGizmoMaterial.uasset" 330
"../../../Engine/Content/VREditor/TransformGizmo/TranslucentTransformGizmoMaterial.uexp" 331
"../../../Engine/Content/VREditor/TransformGizmo/PlaneTranslationHandle.uasset" 332
"../../../Engine/Content/VREditor/TransformGizmo/PlaneTranslationHandle.uexp" 333
"../../../Engine/Content/VREditor/TransformGizmo/BoundingBoxEdge.uasset" 334
"../../../Engine/Content/VREditor/TransformGizmo/BoundingBoxEdge.uexp" 335
"../../../Engine/Content/VREditor/TransformGizmo/BoundingBoxCorner.uasset" 336
"../../../Engine/Content/VREditor/TransformGizmo/BoundingBoxCorner.uexp" 337
"../../../Engine/Plugins/2D/Paper2D/Content/PlaceholderTextures/DummySpriteTexture.uasset" 338
"../../../Engine/Plugins/2D/Paper2D/Content/PlaceholderTextures/DummySpriteTexture.uexp" 339
"../../../Engine/Plugins/2D/Paper2D/Content/DefaultSpriteMaterial.uasset" 340
"../../../Engine/Plugins/2D/Paper2D/Content/DefaultSpriteMaterial.uexp" 341
"../../../Engine/Plugins/2D/Paper2D/Content/OpaqueUnlitSpriteMaterial.uasset" 342
"../../../Engine/Plugins/2D/Paper2D/Content/OpaqueUnlitSpriteMaterial.uexp" 343
"../../../Engine/Plugins/2D/Paper2D/Content/MaskedUnlitSpriteMaterial.uasset" 344
"../../../Engine/Plugins/2D/Paper2D/Content/MaskedUnlitSpriteMaterial.uexp" 345
"../../../Engine/Plugins/2D/Paper2D/Content/DummySprite.uasset" 346
"../../../Engine/Plugins/2D/Paper2D/Content/DummySprite.uexp" 347
"../../../Engine/Plugins/2D/Paper2D/Content/DefaultPaperTerrainMaterial.uasset" 348
"../../../Engine/Plugins/2D/Paper2D/Content/DefaultPaperTerrainMaterial.uexp" 349
"../../../Engine/Plugins/Animation/ControlRig/Content/M_Manip.uasset" 350
"../../../Engine/Plugins/Animation/ControlRig/Content/M_Manip.uexp" 351
"../../../Engine/Plugins/Animation/ControlRig/Content/Controls/ControlRig_Wedge_solid.uasset" 352
"../../../Engine/Plugins/Animation/ControlRig/Content/Controls/ControlRig_Wedge_solid.uexp" 353
"../../../Engine/Plugins/Animation/ControlRig/Content/Controls/ControlRig_Wedge_3mm.uasset" 354
"../../../Engine/Plugins/Animation/ControlRig/Content/Controls/ControlRig_Wedge_3mm.uexp" 355
"../../../Engine/Plugins/Animation/ControlRig/Content/Controls/ControlRig_Wedge_1mm.uasset" 356
"../../../Engine/Plugins/Animation/ControlRig/Content/Controls/ControlRig_Wedge_1mm.uexp" 357
"../../../Engine/Plugins/Animation/ControlRig/Content/Controls/ControlRig_Triangle_solid.uasset" 358
"../../../Engine/Plugins/Animation/ControlRig/Content/Controls/ControlRig_Triangle_solid.uexp" 359
"../../../Engine/Plugins/Animation/ControlRig/Content/Controls/ControlRig_Triangle_3mm.uasset" 360
"../../../Engine/Plugins/Animation/ControlRig/Content/Controls/ControlRig_Triangle_3mm.uexp" 361
"../../../Engine/Plugins/Animation/ControlRig/Content/Controls/ControlRig_Triangle_1mm.uasset" 362
"../../../Engine/Plugins/Animation/ControlRig/Content/Controls/ControlRig_Triangle_1mm.uexp" 363
"../../../Engine/Plugins/Animation/ControlRig/Content/Controls/ControlRig_Star4_solid.uasset" 364
"../../../Engine/Plugins/Animation/ControlRig/Content/Controls/ControlRig_Star4_solid.uexp" 365
"../../../Engine/Plugins/Animation/ControlRig/Content/Controls/ControlRig_Star4_3mm.uasset" 366
"../../../Engine/Plugins/Animation/ControlRig/Content/Controls/ControlRig_Star4_3mm.uexp" 367
"../../../Engine/Plugins/Animation/ControlRig/Content/Controls/ControlRig_Star4_1mm.uasset" 368
"../../../Engine/Plugins/Animation/ControlRig/Content/Controls/ControlRig_Star4_1mm.uexp" 369
"../../../Engine/Plugins/Animation/ControlRig/Content/Controls/ControlRig_Square_solid.uasset" 370
"../../../Engine/Plugins/Animation/ControlRig/Content/Controls/ControlRig_Square_solid.uexp" 371
"../../../Engine/Plugins/Animation/ControlRig/Content/Controls/ControlRig_Square_3mm.uasset" 372
"../../../Engine/Plugins/Animation/ControlRig/Content/Controls/ControlRig_Square_3mm.uexp" 373
"../../../Engine/Plugins/Animation/ControlRig/Content/Controls/ControlRig_Square_1mm.uasset" 374
"../../../Engine/Plugins/Animation/ControlRig/Content/Controls/ControlRig_Square_1mm.uexp" 375
"../../../Engine/Plugins/Editor/SpeedTreeImporter/Content/SpeedTree9/game_wind_noise.uasset" 376
"../../../Engine/Plugins/Editor/SpeedTreeImporter/Content/SpeedTree9/game_wind_noise.uexp" 377
"../../../Engine/Plugins/Editor/SpeedTreeImporter/Content/SpeedTree9/UnpackDirection.uasset" 378
"../../../Engine/Plugins/Editor/SpeedTreeImporter/Content/SpeedTree9/UnpackDirection.uexp" 379
"../../../Engine/Content/Functions/Engine_MaterialFunctions02/ObjectLocalBounds.uasset" 380
"../../../Engine/Content/Functions/Engine_MaterialFunctions02/ObjectLocalBounds.uexp" 381
"../../../Engine/Content/Functions/Engine_MaterialFunctions02/UVs/BoundingBoxBased_0-1_UVW.uasset" 382
"../../../Engine/Content/Functions/Engine_MaterialFunctions02/UVs/BoundingBoxBased_0-1_UVW.uexp" 383
"../../../Engine/Content/Functions/Engine_MaterialFunctions02/Utility/VectorLength.uasset" 384
"../../../Engine/Content/Functions/Engine_MaterialFunctions02/Utility/VectorLength.uexp" 385
"../../../Engine/Plugins/Editor/SpeedTreeImporter/Content/SpeedTree9/UnpackInteger3.uasset" 386
"../../../Engine/Plugins/Editor/SpeedTreeImporter/Content/SpeedTree9/UnpackInteger3.uexp" 387
"../../../Engine/Plugins/Editor/SpeedTreeImporter/Content/SpeedTree9/SpeedTreeCameraFacing.uasset" 388
"../../../Engine/Plugins/Editor/SpeedTreeImporter/Content/SpeedTree9/SpeedTreeCameraFacing.uexp" 389
"../../../Engine/Content/Functions/Engine_MaterialFunctions02/WorldPositionOffset/ObjectScale.uasset" 390
"../../../Engine/Content/Functions/Engine_MaterialFunctions02/WorldPositionOffset/ObjectScale.uexp" 391
"../../../Engine/Content/Functions/Engine_MaterialFunctions02/SafeNormalize.uasset" 392
"../../../Engine/Content/Functions/Engine_MaterialFunctions02/SafeNormalize.uexp" 393
"../../../Engine/Plugins/Editor/SpeedTreeImporter/Content/SpeedTree9/SpeedTreeWindMotion.uasset" 394
"../../../Engine/Plugins/Editor/SpeedTreeImporter/Content/SpeedTree9/SpeedTreeWindMotion.uexp" 395
"../../../Engine/Plugins/Editor/SpeedTreeImporter/Content/SpeedTree9/SpeedTreeBranchMotion.uasset" 396
"../../../Engine/Plugins/Editor/SpeedTreeImporter/Content/SpeedTree9/SpeedTreeBranchMotion.uexp" 397
"../../../Engine/Plugins/Editor/SpeedTreeImporter/Content/SpeedTree9/SpeedTreeWind.uasset" 398
"../../../Engine/Plugins/Editor/SpeedTreeImporter/Content/SpeedTree9/SpeedTreeWind.uexp" 399
"../../../Engine/Plugins/Editor/SpeedTreeImporter/Content/SpeedTree9/EmptyNormal.uasset" 400
"../../../Engine/Plugins/Editor/SpeedTreeImporter/Content/SpeedTree9/EmptyNormal.uexp" 401
"../../../Engine/Plugins/Editor/SpeedTreeImporter/Content/SpeedTree9/Empty.uasset" 402
"../../../Engine/Plugins/Editor/SpeedTreeImporter/Content/SpeedTree9/Empty.uexp" 403
"../../../Engine/Plugins/Editor/SpeedTreeImporter/Content/SpeedTree9/SpeedTreeMaster.uasset" 404
"../../../Engine/Plugins/Editor/SpeedTreeImporter/Content/SpeedTree9/SpeedTreeMaster.uexp" 405
"../../../Engine/Plugins/Editor/SpeedTreeImporter/Content/SpeedTree9/SpeedTreeBillboard.uasset" 406
"../../../Engine/Plugins/Editor/SpeedTreeImporter/Content/SpeedTree9/SpeedTreeBillboard.uexp" 407
"../../../Engine/Plugins/Editor/SpeedTreeImporter/Content/SpeedTree9/SpeedTreeBillboardMaster.uasset" 408
"../../../Engine/Plugins/Editor/SpeedTreeImporter/Content/SpeedTree9/SpeedTreeBillboardMaster.uexp" 409
"../../../Engine/Plugins/Animation/ControlRig/Content/Controls/ControlRig_Sphere_solid.uasset" 410
"../../../Engine/Plugins/Animation/ControlRig/Content/Controls/ControlRig_Sphere_solid.uexp" 411
"../../../Engine/Plugins/Animation/ControlRig/Content/Controls/ControlRig_Sphere_3mm.uasset" 412
"../../../Engine/Plugins/Animation/ControlRig/Content/Controls/ControlRig_Sphere_3mm.uexp" 413
"../../../Engine/Plugins/Animation/ControlRig/Content/Controls/ControlRig_Sphere_1mm.uasset" 414
"../../../Engine/Plugins/Animation/ControlRig/Content/Controls/ControlRig_Sphere_1mm.uexp" 415
"../../../Engine/Plugins/Animation/ControlRig/Content/Controls/ControlRig_RoundedTriangle_solid.uasset" 416
"../../../Engine/Plugins/Animation/ControlRig/Content/Controls/ControlRig_RoundedTriangle_solid.uexp" 417
"../../../Engine/Plugins/Animation/ControlRig/Content/Controls/ControlRig_RoundedTriangle_3mm.uasset" 418
"../../../Engine/Plugins/Animation/ControlRig/Content/Controls/ControlRig_RoundedTriangle_3mm.uexp" 419
"../../../Engine/Plugins/Animation/ControlRig/Content/Controls/ControlRig_RoundedTriangle_1mm.uasset" 420
"../../../Engine/Plugins/Animation/ControlRig/Content/Controls/ControlRig_RoundedTriangle_1mm.uexp" 421
"../../../Engine/Plugins/Animation/ControlRig/Content/Controls/ControlRig_RoundedSquare_solid.uasset" 422
"../../../Engine/Plugins/Animation/ControlRig/Content/Controls/ControlRig_RoundedSquare_solid.uexp" 423
"../../../Engine/Plugins/Animation/ControlRig/Content/Controls/ControlRig_RoundedSquare_3mm.uasset" 424
"../../../Engine/Plugins/Animation/ControlRig/Content/Controls/ControlRig_RoundedSquare_3mm.uexp" 425
"../../../Engine/Plugins/Animation/ControlRig/Content/Controls/ControlRig_RoundedSquare_1mm.uasset" 426
"../../../Engine/Plugins/Animation/ControlRig/Content/Controls/ControlRig_RoundedSquare_1mm.uexp" 427
"../../../Engine/Plugins/Animation/ControlRig/Content/Controls/ControlRig_QuarterCircle_solid.uasset" 428
"../../../Engine/Plugins/Animation/ControlRig/Content/Controls/ControlRig_QuarterCircle_solid.uexp" 429
"../../../Engine/Plugins/Animation/ControlRig/Content/Controls/ControlRig_QuarterCircle_3mm.uasset" 430
"../../../Engine/Plugins/Animation/ControlRig/Content/Controls/ControlRig_QuarterCircle_3mm.uexp" 431
"../../../Engine/Plugins/Animation/ControlRig/Content/Controls/ControlRig_QuarterCircle_1mm.uasset" 432
"../../../Engine/Plugins/Animation/ControlRig/Content/Controls/ControlRig_QuarterCircle_1mm.uexp" 433
"../../../Engine/Plugins/Animation/ControlRig/Content/Controls/ControlRig_Pyramid_solid.uasset" 434
"../../../Engine/Plugins/Animation/ControlRig/Content/Controls/ControlRig_Pyramid_solid.uexp" 435
"../../../Engine/Plugins/Animation/ControlRig/Content/Controls/ControlRig_Pyramid_3mm.uasset" 436
"../../../Engine/Plugins/Animation/ControlRig/Content/Controls/ControlRig_Pyramid_3mm.uexp" 437
"../../../Engine/Plugins/Animation/ControlRig/Content/Controls/ControlRig_Pyramid_1mm.uasset" 438
"../../../Engine/Plugins/Animation/ControlRig/Content/Controls/ControlRig_Pyramid_1mm.uexp" 439
"../../../Engine/Plugins/Animation/ControlRig/Content/Controls/ControlRig_Octagon_solid.uasset" 440
"../../../Engine/Plugins/Animation/ControlRig/Content/Controls/ControlRig_Octagon_solid.uexp" 441
"../../../Engine/Plugins/Animation/ControlRig/Content/Controls/ControlRig_Octagon_3mm.uasset" 442
"../../../Engine/Plugins/Animation/ControlRig/Content/Controls/ControlRig_Octagon_3mm.uexp" 443
"../../../Engine/Plugins/Animation/ControlRig/Content/Controls/ControlRig_Octagon_1mm.uasset" 444
"../../../Engine/Plugins/Animation/ControlRig/Content/Controls/ControlRig_Octagon_1mm.uexp" 445
"../../../Engine/Plugins/Animation/ControlRig/Content/Controls/ControlRig_Hexagon_solid.uasset" 446
"../../../Engine/Plugins/Animation/ControlRig/Content/Controls/ControlRig_Hexagon_solid.uexp" 447
"../../../Engine/Plugins/Animation/ControlRig/Content/Controls/ControlRig_Hexagon_3mm.uasset" 448
"../../../Engine/Plugins/Animation/ControlRig/Content/Controls/ControlRig_Hexagon_3mm.uexp" 449
"../../../Engine/Plugins/Animation/ControlRig/Content/Controls/ControlRig_Hexagon_1mm.uasset" 450
"../../../Engine/Plugins/Animation/ControlRig/Content/Controls/ControlRig_Hexagon_1mm.uexp" 451
"../../../Engine/Plugins/Animation/ControlRig/Content/Controls/ControlRig_HalfCircle_solid.uasset" 452
"../../../Engine/Plugins/Animation/ControlRig/Content/Controls/ControlRig_HalfCircle_solid.uexp" 453
"../../../Engine/Plugins/Animation/ControlRig/Content/Controls/ControlRig_HalfCircle_3mm.uasset" 454
"../../../Engine/Plugins/Animation/ControlRig/Content/Controls/ControlRig_HalfCircle_3mm.uexp" 455
"../../../Engine/Plugins/Animation/ControlRig/Content/Controls/ControlRig_HalfCircle_1mm.uasset" 456
"../../../Engine/Plugins/Animation/ControlRig/Content/Controls/ControlRig_HalfCircle_1mm.uexp" 457
"../../../Engine/Plugins/Animation/ControlRig/Content/Controls/ControlRig_Diamond_solid.uasset" 458
"../../../Engine/Plugins/Animation/ControlRig/Content/Controls/ControlRig_Diamond_solid.uexp" 459
"../../../Engine/Plugins/Animation/ControlRig/Content/Controls/ControlRig_Diamond_3mm.uasset" 460
"../../../Engine/Plugins/Animation/ControlRig/Content/Controls/ControlRig_Diamond_3mm.uexp" 461
"../../../Engine/Plugins/Animation/ControlRig/Content/Controls/ControlRig_Diamond_1mm.uasset" 462
"../../../Engine/Plugins/Animation/ControlRig/Content/Controls/ControlRig_Diamond_1mm.uexp" 463
"../../../Engine/Plugins/Animation/ControlRig/Content/Controls/ControlRig_Circle_solid.uasset" 464
"../../../Engine/Plugins/Animation/ControlRig/Content/Controls/ControlRig_Circle_solid.uexp" 465
"../../../Engine/Plugins/Animation/ControlRig/Content/Controls/ControlRig_Circle_3mm.uasset" 466
"../../../Engine/Plugins/Animation/ControlRig/Content/Controls/ControlRig_Circle_3mm.uexp" 467
"../../../Engine/Plugins/Animation/ControlRig/Content/Controls/ControlRig_Circle_1mm.uasset" 468
"../../../Engine/Plugins/Animation/ControlRig/Content/Controls/ControlRig_Circle_1mm.uexp" 469
"../../../Engine/Plugins/Animation/ControlRig/Content/Controls/ControlRig_Box_solid.uasset" 470
"../../../Engine/Plugins/Animation/ControlRig/Content/Controls/ControlRig_Box_solid.uexp" 471
"../../../Engine/Plugins/Animation/ControlRig/Content/Controls/ControlRig_Box_3mm.uasset" 472
"../../../Engine/Plugins/Animation/ControlRig/Content/Controls/ControlRig_Box_3mm.uexp" 473
"../../../Engine/Plugins/Animation/ControlRig/Content/Controls/ControlRig_Box_1mm.uasset" 474
"../../../Engine/Plugins/Animation/ControlRig/Content/Controls/ControlRig_Box_1mm.uexp" 475
"../../../Engine/Plugins/Animation/ControlRig/Content/Controls/ControlRig_Arrow_solid.uasset" 476
"../../../Engine/Plugins/Animation/ControlRig/Content/Controls/ControlRig_Arrow_solid.uexp" 477
"../../../Engine/Plugins/Animation/ControlRig/Content/Controls/ControlRig_Arrow_3mm.uasset" 478
"../../../Engine/Plugins/Animation/ControlRig/Content/Controls/ControlRig_Arrow_3mm.uexp" 479
"../../../Engine/Plugins/Animation/ControlRig/Content/Controls/ControlRig_Arrow_1mm.uasset" 480
"../../../Engine/Plugins/Animation/ControlRig/Content/Controls/ControlRig_Arrow_1mm.uexp" 481
"../../../Engine/Plugins/Animation/ControlRig/Content/Controls/ControlRig_Arrow4_solid.uasset" 482
"../../../Engine/Plugins/Animation/ControlRig/Content/Controls/ControlRig_Arrow4_solid.uexp" 483
"../../../Engine/Plugins/Animation/ControlRig/Content/Controls/ControlRig_Arrow4_3mm.uasset" 484
"../../../Engine/Plugins/Animation/ControlRig/Content/Controls/ControlRig_Arrow4_3mm.uexp" 485
"../../../Engine/Plugins/Animation/ControlRig/Content/Controls/ControlRig_Arrow4_1mm.uasset" 486
"../../../Engine/Plugins/Animation/ControlRig/Content/Controls/ControlRig_Arrow4_1mm.uexp" 487
"../../../Engine/Plugins/Animation/ControlRig/Content/Controls/ControlRig_Arrow2_solid.uasset" 488
"../../../Engine/Plugins/Animation/ControlRig/Content/Controls/ControlRig_Arrow2_solid.uexp" 489
"../../../Engine/Plugins/Animation/ControlRig/Content/Controls/ControlRig_Arrow2_3mm.uasset" 490
"../../../Engine/Plugins/Animation/ControlRig/Content/Controls/ControlRig_Arrow2_3mm.uexp" 491
"../../../Engine/Plugins/Animation/ControlRig/Content/Controls/ControlRig_Arrow2_1mm.uasset" 492
"../../../Engine/Plugins/Animation/ControlRig/Content/Controls/ControlRig_Arrow2_1mm.uexp" 493
"../../../Engine/Plugins/Animation/ControlRig/Content/Controls/ControlRigGizmoMaterial.uasset" 494
"../../../Engine/Plugins/Animation/ControlRig/Content/Controls/ControlRigGizmoMaterial.uexp" 495
"../../../Engine/Plugins/Runtime/HairStrands/Content/Materials/HairMeshesDefaultMaterial.uasset" 496
"../../../Engine/Plugins/Runtime/HairStrands/Content/Materials/HairMeshesDefaultMaterial.uexp" 497
"../../../Engine/Plugins/Runtime/HairStrands/Content/Materials/HairDefaultMaterial.uasset" 498
"../../../Engine/Plugins/Runtime/HairStrands/Content/Materials/HairDefaultMaterial.uexp" 499
"../../../Engine/Plugins/Runtime/HairStrands/Content/Materials/HairGroupColors.uasset" 500
"../../../Engine/Plugins/Runtime/HairStrands/Content/Materials/HairGroupColors.uexp" 501
"../../../Engine/Content/EngineMaterials/HairColorMap.uasset" 502
"../../../Engine/Content/EngineMaterials/HairColorMap.uexp" 503
"../../../Engine/Content/EngineMaterials/HairDebugColor.uasset" 504
"../../../Engine/Content/EngineMaterials/HairDebugColor.uexp" 505
"../../../Engine/Plugins/Runtime/HairStrands/Content/Materials/HairDebugMaterial.uasset" 506
"../../../Engine/Plugins/Runtime/HairStrands/Content/Materials/HairDebugMaterial.uexp" 507
"../../../Engine/Plugins/Runtime/HairStrands/Content/Materials/HairCardsDefaultMaterial.uasset" 508
"../../../Engine/Plugins/Runtime/HairStrands/Content/Materials/HairCardsDefaultMaterial.uexp" 509
"C:/UE5SourceBuildCompleteProjects/PlayFabTestx/Content/Characters/Mannequins/Meshes/SK_Mannequin.uasset" 510
"C:/UE5SourceBuildCompleteProjects/PlayFabTestx/Content/Characters/Mannequins/Meshes/SK_Mannequin.uexp" 511
"../../../Engine/Content/Animation/DefaultAnimCurveCompressionSettings.uasset" 512
"../../../Engine/Content/Animation/DefaultAnimCurveCompressionSettings.uexp" 513
"../../../Engine/Content/Animation/DefaultAnimBoneCompressionSettings.uasset" 514
"../../../Engine/Content/Animation/DefaultAnimBoneCompressionSettings.uexp" 515
"C:/UE5SourceBuildCompleteProjects/PlayFabTestx/Content/Characters/Mannequins/Rigs/Poses/Quinn/Quinn_foot_l_anim.uasset" 516
"C:/UE5SourceBuildCompleteProjects/PlayFabTestx/Content/Characters/Mannequins/Rigs/Poses/Quinn/Quinn_foot_l_anim.uexp" 517
"C:/UE5SourceBuildCompleteProjects/PlayFabTestx/Content/Characters/Mannequins/Rigs/Poses/Quinn/Quinn_foot_l_pose.uasset" 518
"C:/UE5SourceBuildCompleteProjects/PlayFabTestx/Content/Characters/Mannequins/Rigs/Poses/Quinn/Quinn_foot_l_pose.uexp" 519
"C:/UE5SourceBuildCompleteProjects/PlayFabTestx/Content/Characters/Mannequins/Rigs/Poses/Quinn/Quinn_clavicle_l_anim.uasset" 520
"C:/UE5SourceBuildCompleteProjects/PlayFabTestx/Content/Characters/Mannequins/Rigs/Poses/Quinn/Quinn_clavicle_l_anim.uexp" 521
"C:/UE5SourceBuildCompleteProjects/PlayFabTestx/Content/Characters/Mannequins/Rigs/Poses/Quinn/Quinn_clavicle_l_pose.uasset" 522
"C:/UE5SourceBuildCompleteProjects/PlayFabTestx/Content/Characters/Mannequins/Rigs/Poses/Quinn/Quinn_clavicle_l_pose.uexp" 523
"C:/UE5SourceBuildCompleteProjects/PlayFabTestx/Content/Characters/Mannequins/Rigs/Poses/Quinn/Quinn_clavicle_r_anim.uasset" 524
"C:/UE5SourceBuildCompleteProjects/PlayFabTestx/Content/Characters/Mannequins/Rigs/Poses/Quinn/Quinn_clavicle_r_anim.uexp" 525
"C:/UE5SourceBuildCompleteProjects/PlayFabTestx/Content/Characters/Mannequins/Rigs/Poses/Quinn/Quinn_clavicle_r_pose.uasset" 526
"C:/UE5SourceBuildCompleteProjects/PlayFabTestx/Content/Characters/Mannequins/Rigs/Poses/Quinn/Quinn_clavicle_r_pose.uexp" 527
"C:/UE5SourceBuildCompleteProjects/PlayFabTestx/Content/Characters/Mannequins/Rigs/Poses/Quinn/Quinn_upperarm_l_anim.uasset" 528
"C:/UE5SourceBuildCompleteProjects/PlayFabTestx/Content/Characters/Mannequins/Rigs/Poses/Quinn/Quinn_upperarm_l_anim.uexp" 529
"C:/UE5SourceBuildCompleteProjects/PlayFabTestx/Content/Characters/Mannequins/Rigs/Poses/Quinn/Quinn_upperarm_l_pose.uasset" 530
"C:/UE5SourceBuildCompleteProjects/PlayFabTestx/Content/Characters/Mannequins/Rigs/Poses/Quinn/Quinn_upperarm_l_pose.uexp" 531
"C:/UE5SourceBuildCompleteProjects/PlayFabTestx/Content/Characters/Mannequins/Rigs/Poses/Quinn/Quinn_lowerarm_l_anim.uasset" 532
"C:/UE5SourceBuildCompleteProjects/PlayFabTestx/Content/Characters/Mannequins/Rigs/Poses/Quinn/Quinn_lowerarm_l_anim.uexp" 533
"C:/UE5SourceBuildCompleteProjects/PlayFabTestx/Content/Characters/Mannequins/Rigs/Poses/Quinn/Quinn_lowerarm_l_pose.uasset" 534
"C:/UE5SourceBuildCompleteProjects/PlayFabTestx/Content/Characters/Mannequins/Rigs/Poses/Quinn/Quinn_lowerarm_l_pose.uexp" 535
"C:/UE5SourceBuildCompleteProjects/PlayFabTestx/Content/Characters/Mannequins/Rigs/Poses/Quinn/Quinn_calf_l_anim.uasset" 536
"C:/UE5SourceBuildCompleteProjects/PlayFabTestx/Content/Characters/Mannequins/Rigs/Poses/Quinn/Quinn_calf_l_anim.uexp" 537
"C:/UE5SourceBuildCompleteProjects/PlayFabTestx/Content/Characters/Mannequins/Rigs/Poses/Quinn/Quinn_calf_l_pose.uasset" 538
"C:/UE5SourceBuildCompleteProjects/PlayFabTestx/Content/Characters/Mannequins/Rigs/Poses/Quinn/Quinn_calf_l_pose.uexp" 539
"../../../Engine/Plugins/Animation/ControlRig/Content/Controls/DefaultGizmoLibrary.uasset" 540
"../../../Engine/Plugins/Animation/ControlRig/Content/Controls/DefaultGizmoLibrary.uexp" 541
"C:/UE5SourceBuildCompleteProjects/PlayFabTestx/Content/Characters/Mannequins/Rigs/CR_Mannequin_Procedural.uasset" 542
"C:/UE5SourceBuildCompleteProjects/PlayFabTestx/Content/Characters/Mannequins/Rigs/CR_Mannequin_Procedural.uexp" 543
"C:/UE5SourceBuildCompleteProjects/PlayFabTestx/Content/Characters/Mannequins/Rigs/Poses/Quinn/Quinn_upperarm_r_anim.uasset" 544
"C:/UE5SourceBuildCompleteProjects/PlayFabTestx/Content/Characters/Mannequins/Rigs/Poses/Quinn/Quinn_upperarm_r_anim.uexp" 545
"C:/UE5SourceBuildCompleteProjects/PlayFabTestx/Content/Characters/Mannequins/Rigs/Poses/Quinn/Quinn_upperarm_r_pose.uasset" 546
"C:/UE5SourceBuildCompleteProjects/PlayFabTestx/Content/Characters/Mannequins/Rigs/Poses/Quinn/Quinn_upperarm_r_pose.uexp" 547
"C:/UE5SourceBuildCompleteProjects/PlayFabTestx/Content/Characters/Mannequins/Rigs/Poses/Quinn/Quinn_calf_r_anim.uasset" 548
"C:/UE5SourceBuildCompleteProjects/PlayFabTestx/Content/Characters/Mannequins/Rigs/Poses/Quinn/Quinn_calf_r_anim.uexp" 549
"C:/UE5SourceBuildCompleteProjects/PlayFabTestx/Content/Characters/Mannequins/Rigs/Poses/Quinn/Quinn_calf_r_pose.uasset" 550
"C:/UE5SourceBuildCompleteProjects/PlayFabTestx/Content/Characters/Mannequins/Rigs/Poses/Quinn/Quinn_calf_r_pose.uexp" 551
"C:/UE5SourceBuildCompleteProjects/PlayFabTestx/Content/Characters/Mannequins/Rigs/Poses/Quinn/Quinn_foot_r_anim.uasset" 552
"C:/UE5SourceBuildCompleteProjects/PlayFabTestx/Content/Characters/Mannequins/Rigs/Poses/Quinn/Quinn_foot_r_anim.uexp" 553
"C:/UE5SourceBuildCompleteProjects/PlayFabTestx/Content/Characters/Mannequins/Rigs/Poses/Quinn/Quinn_foot_r_pose.uasset" 554
"C:/UE5SourceBuildCompleteProjects/PlayFabTestx/Content/Characters/Mannequins/Rigs/Poses/Quinn/Quinn_foot_r_pose.uexp" 555
"C:/UE5SourceBuildCompleteProjects/PlayFabTestx/Content/Characters/Mannequins/Rigs/Poses/Quinn/Quinn_lowerarm_r_anim.uasset" 556
"C:/UE5SourceBuildCompleteProjects/PlayFabTestx/Content/Characters/Mannequins/Rigs/Poses/Quinn/Quinn_lowerarm_r_anim.uexp" 557
"C:/UE5SourceBuildCompleteProjects/PlayFabTestx/Content/Characters/Mannequins/Rigs/Poses/Quinn/Quinn_lowerarm_r_pose.uasset" 558
"C:/UE5SourceBuildCompleteProjects/PlayFabTestx/Content/Characters/Mannequins/Rigs/Poses/Quinn/Quinn_lowerarm_r_pose.uexp" 559
"C:/UE5SourceBuildCompleteProjects/PlayFabTestx/Content/Characters/Mannequins/Rigs/Poses/Quinn/Quinn_thigh_l_anim.uasset" 560
"C:/UE5SourceBuildCompleteProjects/PlayFabTestx/Content/Characters/Mannequins/Rigs/Poses/Quinn/Quinn_thigh_l_anim.uexp" 561
"C:/UE5SourceBuildCompleteProjects/PlayFabTestx/Content/Characters/Mannequins/Rigs/Poses/Quinn/Quinn_thigh_l_pose.uasset" 562
"C:/UE5SourceBuildCompleteProjects/PlayFabTestx/Content/Characters/Mannequins/Rigs/Poses/Quinn/Quinn_thigh_l_pose.uexp" 563
"C:/UE5SourceBuildCompleteProjects/PlayFabTestx/Content/Characters/Mannequins/Rigs/Poses/Quinn/Quinn_thigh_r_anim.uasset" 564
"C:/UE5SourceBuildCompleteProjects/PlayFabTestx/Content/Characters/Mannequins/Rigs/Poses/Quinn/Quinn_thigh_r_anim.uexp" 565
"C:/UE5SourceBuildCompleteProjects/PlayFabTestx/Content/Characters/Mannequins/Rigs/Poses/Quinn/Quinn_thigh_r_pose.uasset" 566
"C:/UE5SourceBuildCompleteProjects/PlayFabTestx/Content/Characters/Mannequins/Rigs/Poses/Quinn/Quinn_thigh_r_pose.uexp" 567
"C:/UE5SourceBuildCompleteProjects/PlayFabTestx/Content/Characters/Mannequins/Rigs/Poses/Quinn/Quinn_hand_l_anim.uasset" 568
"C:/UE5SourceBuildCompleteProjects/PlayFabTestx/Content/Characters/Mannequins/Rigs/Poses/Quinn/Quinn_hand_l_anim.uexp" 569
"C:/UE5SourceBuildCompleteProjects/PlayFabTestx/Content/Characters/Mannequins/Rigs/Poses/Quinn/Quinn_hand_l_pose.uasset" 570
"C:/UE5SourceBuildCompleteProjects/PlayFabTestx/Content/Characters/Mannequins/Rigs/Poses/Quinn/Quinn_hand_l_pose.uexp" 571
"C:/UE5SourceBuildCompleteProjects/PlayFabTestx/Content/Characters/Mannequins/Rigs/Poses/Quinn/Quinn_hand_r_anim.uasset" 572
"C:/UE5SourceBuildCompleteProjects/PlayFabTestx/Content/Characters/Mannequins/Rigs/Poses/Quinn/Quinn_hand_r_anim.uexp" 573
"C:/UE5SourceBuildCompleteProjects/PlayFabTestx/Content/Characters/Mannequins/Rigs/Poses/Quinn/Quinn_hand_r_pose.uasset" 574
"C:/UE5SourceBuildCompleteProjects/PlayFabTestx/Content/Characters/Mannequins/Rigs/Poses/Quinn/Quinn_hand_r_pose.uexp" 575
"C:/UE5SourceBuildCompleteProjects/PlayFabTestx/Content/Characters/Mannequins/Rigs/ABP_Quinn_PostProcess.uasset" 576
"C:/UE5SourceBuildCompleteProjects/PlayFabTestx/Content/Characters/Mannequins/Rigs/ABP_Quinn_PostProcess.uexp" 577
"C:/UE5SourceBuildCompleteProjects/PlayFabTestx/Content/Characters/Mannequins/Textures/Quinn/T_Quinn_02ID_MSR_MSK.uasset" 578
"C:/UE5SourceBuildCompleteProjects/PlayFabTestx/Content/Characters/Mannequins/Textures/Quinn/T_Quinn_02ID_MSR_MSK.uexp" 579
"C:/UE5SourceBuildCompleteProjects/PlayFabTestx/Content/Characters/Mannequins/Textures/Quinn/T_Quinn_02ID_BN.uasset" 580
"C:/UE5SourceBuildCompleteProjects/PlayFabTestx/Content/Characters/Mannequins/Textures/Quinn/T_Quinn_02ID_BN.uexp" 581
"C:/UE5SourceBuildCompleteProjects/PlayFabTestx/Content/Characters/Mannequins/Textures/Quinn/T_Quinn_02_ASAOMASK_MSK.uasset" 582
"C:/UE5SourceBuildCompleteProjects/PlayFabTestx/Content/Characters/Mannequins/Textures/Quinn/T_Quinn_02_ASAOMASK_MSK.uexp" 583
"C:/UE5SourceBuildCompleteProjects/PlayFabTestx/Content/Characters/Mannequins/Textures/Quinn/T_Quinn_02_CCRCCPlastic_MSK.uasset" 584
"C:/UE5SourceBuildCompleteProjects/PlayFabTestx/Content/Characters/Mannequins/Textures/Quinn/T_Quinn_02_CCRCCPlastic_MSK.uexp" 585
"C:/UE5SourceBuildCompleteProjects/PlayFabTestx/Content/Characters/Mannequins/Textures/Quinn/T_Quinn_02ID_Tan.uasset" 586
"C:/UE5SourceBuildCompleteProjects/PlayFabTestx/Content/Characters/Mannequins/Textures/Quinn/T_Quinn_02ID_Tan.uexp" 587
"C:/UE5SourceBuildCompleteProjects/PlayFabTestx/Content/Characters/Mannequins/Textures/Quinn/T_Quinn_02ID_D.uasset" 588
"C:/UE5SourceBuildCompleteProjects/PlayFabTestx/Content/Characters/Mannequins/Textures/Quinn/T_Quinn_02ID_D.uexp" 589
"C:/UE5SourceBuildCompleteProjects/PlayFabTestx/Content/Characters/Mannequins/Textures/Quinn/T_Quinn_01ID_MSR_MSK.uasset" 590
"C:/UE5SourceBuildCompleteProjects/PlayFabTestx/Content/Characters/Mannequins/Textures/Quinn/T_Quinn_01ID_MSR_MSK.uexp" 591
"C:/UE5SourceBuildCompleteProjects/PlayFabTestx/Content/Characters/Mannequins/Materials/Functions/ChromaticCurve.uasset" 592
"C:/UE5SourceBuildCompleteProjects/PlayFabTestx/Content/Characters/Mannequins/Materials/Functions/ChromaticCurve.uexp" 593
"C:/UE5SourceBuildCompleteProjects/PlayFabTestx/Content/Characters/Mannequins/Materials/Functions/CA_Mannequin.uasset" 594
"C:/UE5SourceBuildCompleteProjects/PlayFabTestx/Content/Characters/Mannequins/Materials/Functions/CA_Mannequin.uexp" 595
"C:/UE5SourceBuildCompleteProjects/PlayFabTestx/Content/Characters/Mannequins/Materials/Functions/MF_Diffraction.uasset" 596
"C:/UE5SourceBuildCompleteProjects/PlayFabTestx/Content/Characters/Mannequins/Materials/Functions/MF_Diffraction.uexp" 597
"C:/UE5SourceBuildCompleteProjects/PlayFabTestx/Content/Characters/Mannequins/Textures/Manny/T_Manny_01_N.uasset" 598
"C:/UE5SourceBuildCompleteProjects/PlayFabTestx/Content/Characters/Mannequins/Textures/Manny/T_Manny_01_N.uexp" 599
"C:/UE5SourceBuildCompleteProjects/PlayFabTestx/Content/Characters/Mannequins/Materials/Functions/ML_BaseColorFallOff.uasset" 600
"C:/UE5SourceBuildCompleteProjects/PlayFabTestx/Content/Characters/Mannequins/Materials/Functions/ML_BaseColorFallOff.uexp" 601
"../../../Engine/Content/Functions/Engine_MaterialFunctions01/Texturing/ScaleUVsByCenter.uasset" 602
"../../../Engine/Content/Functions/Engine_MaterialFunctions01/Texturing/ScaleUVsByCenter.uexp" 603
"C:/UE5SourceBuildCompleteProjects/PlayFabTestx/Content/Characters/Mannequins/Textures/Shared/T_UE_Logo_M.uasset" 604
"C:/UE5SourceBuildCompleteProjects/PlayFabTestx/Content/Characters/Mannequins/Textures/Shared/T_UE_Logo_M.uexp" 605
"C:/UE5SourceBuildCompleteProjects/PlayFabTestx/Content/Characters/Mannequins/Materials/Functions/MF_logo3layers.uasset" 606
"C:/UE5SourceBuildCompleteProjects/PlayFabTestx/Content/Characters/Mannequins/Materials/Functions/MF_logo3layers.uexp" 607
"C:/UE5SourceBuildCompleteProjects/PlayFabTestx/Content/Characters/Mannequins/Textures/Manny/T_Manny_01_CCRCCPlastic_MSK.uasset" 608
"C:/UE5SourceBuildCompleteProjects/PlayFabTestx/Content/Characters/Mannequins/Textures/Manny/T_Manny_01_CCRCCPlastic_MSK.uexp" 609
"C:/UE5SourceBuildCompleteProjects/PlayFabTestx/Content/Characters/Mannequins/Textures/Manny/T_Manny_01_ASAOPMASK_MSK.uasset" 610
"C:/UE5SourceBuildCompleteProjects/PlayFabTestx/Content/Characters/Mannequins/Textures/Manny/T_Manny_01_ASAOPMASK_MSK.uexp" 611
"C:/UE5SourceBuildCompleteProjects/PlayFabTestx/Content/Characters/Mannequins/Textures/Manny/T_Manny_01_MSR_MSK.uasset" 612
"C:/UE5SourceBuildCompleteProjects/PlayFabTestx/Content/Characters/Mannequins/Textures/Manny/T_Manny_01_MSR_MSK.uexp" 613
"C:/UE5SourceBuildCompleteProjects/PlayFabTestx/Content/Characters/Mannequins/Textures/Manny/T_Manny_01_BN.uasset" 614
"C:/UE5SourceBuildCompleteProjects/PlayFabTestx/Content/Characters/Mannequins/Textures/Manny/T_Manny_01_BN.uexp" 615
"C:/UE5SourceBuildCompleteProjects/PlayFabTestx/Content/Characters/Mannequins/Textures/Manny/T_Manny_01_D.uasset" 616
"C:/UE5SourceBuildCompleteProjects/PlayFabTestx/Content/Characters/Mannequins/Textures/Manny/T_Manny_01_D.uexp" 617
"C:/UE5SourceBuildCompleteProjects/PlayFabTestx/Content/Characters/Mannequins/Textures/Manny/T_Manny_01_Tan.uasset" 618
"C:/UE5SourceBuildCompleteProjects/PlayFabTestx/Content/Characters/Mannequins/Textures/Manny/T_Manny_01_Tan.uexp" 619
"C:/UE5SourceBuildCompleteProjects/PlayFabTestx/Content/Characters/Mannequins/Materials/M_Mannequin.uasset" 620
"C:/UE5SourceBuildCompleteProjects/PlayFabTestx/Content/Characters/Mannequins/Materials/M_Mannequin.uexp" 621
"C:/UE5SourceBuildCompleteProjects/PlayFabTestx/Content/Characters/Mannequins/Textures/Quinn/T_Quinn_01_ASAOMASK_MSK.uasset" 622
"C:/UE5SourceBuildCompleteProjects/PlayFabTestx/Content/Characters/Mannequins/Textures/Quinn/T_Quinn_01_ASAOMASK_MSK.uexp" 623
"C:/UE5SourceBuildCompleteProjects/PlayFabTestx/Content/Characters/Mannequins/Textures/Quinn/T_Quinn_01ID_N.uasset" 624
"C:/UE5SourceBuildCompleteProjects/PlayFabTestx/Content/Characters/Mannequins/Textures/Quinn/T_Quinn_01ID_N.uexp" 625
"C:/UE5SourceBuildCompleteProjects/PlayFabTestx/Content/Characters/Mannequins/Textures/Quinn/T_Quinn_01ID_BN.uasset" 626
"C:/UE5SourceBuildCompleteProjects/PlayFabTestx/Content/Characters/Mannequins/Textures/Quinn/T_Quinn_01ID_BN.uexp" 627
"C:/UE5SourceBuildCompleteProjects/PlayFabTestx/Content/Characters/Mannequins/Textures/Quinn/T_Quinn_01ID_D.uasset" 628
"C:/UE5SourceBuildCompleteProjects/PlayFabTestx/Content/Characters/Mannequins/Textures/Quinn/T_Quinn_01ID_D.uexp" 629
"C:/UE5SourceBuildCompleteProjects/PlayFabTestx/Content/Characters/Mannequins/Textures/Quinn/T_Quinn_01ID_Tan.uasset" 630
"C:/UE5SourceBuildCompleteProjects/PlayFabTestx/Content/Characters/Mannequins/Textures/Quinn/T_Quinn_01ID_Tan.uexp" 631
"C:/UE5SourceBuildCompleteProjects/PlayFabTestx/Content/Characters/Mannequins/Textures/Quinn/T_Quinn_01_CCRCCPlastic_MSK.uasset" 632
"C:/UE5SourceBuildCompleteProjects/PlayFabTestx/Content/Characters/Mannequins/Textures/Quinn/T_Quinn_01_CCRCCPlastic_MSK.uexp" 633
"C:/UE5SourceBuildCompleteProjects/PlayFabTestx/Content/Characters/Mannequins/Materials/Instances/Quinn/MI_Quinn_01.uasset" 634
"C:/UE5SourceBuildCompleteProjects/PlayFabTestx/Content/Characters/Mannequins/Materials/Instances/Quinn/MI_Quinn_01.uexp" 635
"C:/UE5SourceBuildCompleteProjects/PlayFabTestx/Content/Characters/Mannequins/Textures/Quinn/T_Quinn_02ID_N.uasset" 636
"C:/UE5SourceBuildCompleteProjects/PlayFabTestx/Content/Characters/Mannequins/Textures/Quinn/T_Quinn_02ID_N.uexp" 637
"C:/UE5SourceBuildCompleteProjects/PlayFabTestx/Content/Characters/Mannequins/Materials/Instances/Quinn/MI_Quinn_02.uasset" 638
"C:/UE5SourceBuildCompleteProjects/PlayFabTestx/Content/Characters/Mannequins/Materials/Instances/Quinn/MI_Quinn_02.uexp" 639
"C:/UE5SourceBuildCompleteProjects/PlayFabTestx/Content/Characters/Mannequins/Rigs/PA_Mannequin.uasset" 640
"C:/UE5SourceBuildCompleteProjects/PlayFabTestx/Content/Characters/Mannequins/Rigs/PA_Mannequin.uexp" 641
"C:/UE5SourceBuildCompleteProjects/PlayFabTestx/Content/Characters/Mannequins/Meshes/SKM_Quinn.uasset" 642
"C:/UE5SourceBuildCompleteProjects/PlayFabTestx/Content/Characters/Mannequins/Meshes/SKM_Quinn.uexp" 643
"C:/UE5SourceBuildCompleteProjects/PlayFabTestx/Content/Characters/Mannequins/Textures/Manny/T_Manny_02_MSR_MSK.uasset" 644
"C:/UE5SourceBuildCompleteProjects/PlayFabTestx/Content/Characters/Mannequins/Textures/Manny/T_Manny_02_MSR_MSK.uexp" 645
"C:/UE5SourceBuildCompleteProjects/PlayFabTestx/Content/Characters/Mannequins/Textures/Manny/T_Manny_02_CCRCCPlastic_MSK.uasset" 646
"C:/UE5SourceBuildCompleteProjects/PlayFabTestx/Content/Characters/Mannequins/Textures/Manny/T_Manny_02_CCRCCPlastic_MSK.uexp" 647
"C:/UE5SourceBuildCompleteProjects/PlayFabTestx/Content/Characters/Mannequins/Textures/Manny/T_Manny_02_Tan.uasset" 648
"C:/UE5SourceBuildCompleteProjects/PlayFabTestx/Content/Characters/Mannequins/Textures/Manny/T_Manny_02_Tan.uexp" 649
"C:/UE5SourceBuildCompleteProjects/PlayFabTestx/Content/Characters/Mannequins/Textures/Manny/T_Manny_02_N.uasset" 650
"C:/UE5SourceBuildCompleteProjects/PlayFabTestx/Content/Characters/Mannequins/Textures/Manny/T_Manny_02_N.uexp" 651
"C:/UE5SourceBuildCompleteProjects/PlayFabTestx/Content/Characters/Mannequins/Materials/Instances/Manny/MI_Manny_01.uasset" 652
"C:/UE5SourceBuildCompleteProjects/PlayFabTestx/Content/Characters/Mannequins/Materials/Instances/Manny/MI_Manny_01.uexp" 653
"C:/UE5SourceBuildCompleteProjects/PlayFabTestx/Content/Characters/Mannequins/Textures/Manny/T_Manny_02_BN.uasset" 654
"C:/UE5SourceBuildCompleteProjects/PlayFabTestx/Content/Characters/Mannequins/Textures/Manny/T_Manny_02_BN.uexp" 655
"C:/UE5SourceBuildCompleteProjects/PlayFabTestx/Content/Characters/Mannequins/Textures/Manny/T_Manny_02_ASAOPMASK_MSK.uasset" 656
"C:/UE5SourceBuildCompleteProjects/PlayFabTestx/Content/Characters/Mannequins/Textures/Manny/T_Manny_02_ASAOPMASK_MSK.uexp" 657
"C:/UE5SourceBuildCompleteProjects/PlayFabTestx/Content/Characters/Mannequins/Textures/Manny/T_Manny_02_D.uasset" 658
"C:/UE5SourceBuildCompleteProjects/PlayFabTestx/Content/Characters/Mannequins/Textures/Manny/T_Manny_02_D.uexp" 659
"C:/UE5SourceBuildCompleteProjects/PlayFabTestx/Content/Characters/Mannequins/Materials/Instances/Manny/MI_Manny_02.uasset" 660
"C:/UE5SourceBuildCompleteProjects/PlayFabTestx/Content/Characters/Mannequins/Materials/Instances/Manny/MI_Manny_02.uexp" 661
"C:/UE5SourceBuildCompleteProjects/PlayFabTestx/Content/Characters/Mannequins/Meshes/SKM_Manny_Simple.uasset" 662
"C:/UE5SourceBuildCompleteProjects/PlayFabTestx/Content/Characters/Mannequins/Meshes/SKM_Manny_Simple.uexp" 663
"C:/UE5SourceBuildCompleteProjects/PlayFabTestx/Content/Characters/Mannequins/Meshes/Mannequin_LODSettings.uasset" 664
"C:/UE5SourceBuildCompleteProjects/PlayFabTestx/Content/Characters/Mannequins/Meshes/Mannequin_LODSettings.uexp" 665
"C:/UE5SourceBuildCompleteProjects/PlayFabTestx/Content/Characters/Mannequins/Rigs/Poses/Manny/Manny_foot_l_anim.uasset" 666
"C:/UE5SourceBuildCompleteProjects/PlayFabTestx/Content/Characters/Mannequins/Rigs/Poses/Manny/Manny_foot_l_anim.uexp" 667
"C:/UE5SourceBuildCompleteProjects/PlayFabTestx/Content/Characters/Mannequins/Rigs/Poses/Manny/Manny_foot_l_pose.uasset" 668
"C:/UE5SourceBuildCompleteProjects/PlayFabTestx/Content/Characters/Mannequins/Rigs/Poses/Manny/Manny_foot_l_pose.uexp" 669
"C:/UE5SourceBuildCompleteProjects/PlayFabTestx/Content/Characters/Mannequins/Rigs/Poses/Manny/Manny_thigh_r_anim.uasset" 670
"C:/UE5SourceBuildCompleteProjects/PlayFabTestx/Content/Characters/Mannequins/Rigs/Poses/Manny/Manny_thigh_r_anim.uexp" 671
"C:/UE5SourceBuildCompleteProjects/PlayFabTestx/Content/Characters/Mannequins/Rigs/Poses/Manny/Manny_thigh_r_pose.uasset" 672
"C:/UE5SourceBuildCompleteProjects/PlayFabTestx/Content/Characters/Mannequins/Rigs/Poses/Manny/Manny_thigh_r_pose.uexp" 673
"C:/UE5SourceBuildCompleteProjects/PlayFabTestx/Content/Characters/Mannequins/Rigs/Poses/Manny/Manny_hand_r_anim.uasset" 674
"C:/UE5SourceBuildCompleteProjects/PlayFabTestx/Content/Characters/Mannequins/Rigs/Poses/Manny/Manny_hand_r_anim.uexp" 675
"C:/UE5SourceBuildCompleteProjects/PlayFabTestx/Content/Characters/Mannequins/Rigs/Poses/Manny/Manny_hand_r_pose.uasset" 676
"C:/UE5SourceBuildCompleteProjects/PlayFabTestx/Content/Characters/Mannequins/Rigs/Poses/Manny/Manny_hand_r_pose.uexp" 677
"C:/UE5SourceBuildCompleteProjects/PlayFabTestx/Content/Characters/Mannequins/Rigs/Poses/Manny/Manny_clavicle_l_anim.uasset" 678
"C:/UE5SourceBuildCompleteProjects/PlayFabTestx/Content/Characters/Mannequins/Rigs/Poses/Manny/Manny_clavicle_l_anim.uexp" 679
"C:/UE5SourceBuildCompleteProjects/PlayFabTestx/Content/Characters/Mannequins/Rigs/Poses/Manny/Manny_clavicle_l_pose.uasset" 680
"C:/UE5SourceBuildCompleteProjects/PlayFabTestx/Content/Characters/Mannequins/Rigs/Poses/Manny/Manny_clavicle_l_pose.uexp" 681
"C:/UE5SourceBuildCompleteProjects/PlayFabTestx/Content/Characters/Mannequins/Rigs/Poses/Manny/Manny_calf_l_anim.uasset" 682
"C:/UE5SourceBuildCompleteProjects/PlayFabTestx/Content/Characters/Mannequins/Rigs/Poses/Manny/Manny_calf_l_anim.uexp" 683
"C:/UE5SourceBuildCompleteProjects/PlayFabTestx/Content/Characters/Mannequins/Rigs/Poses/Manny/Manny_calf_l_pose.uasset" 684
"C:/UE5SourceBuildCompleteProjects/PlayFabTestx/Content/Characters/Mannequins/Rigs/Poses/Manny/Manny_calf_l_pose.uexp" 685
"C:/UE5SourceBuildCompleteProjects/PlayFabTestx/Content/Characters/Mannequins/Rigs/Poses/Manny/Manny_hand_l_anim.uasset" 686
"C:/UE5SourceBuildCompleteProjects/PlayFabTestx/Content/Characters/Mannequins/Rigs/Poses/Manny/Manny_hand_l_anim.uexp" 687
"C:/UE5SourceBuildCompleteProjects/PlayFabTestx/Content/Characters/Mannequins/Rigs/Poses/Manny/Manny_hand_l_pose.uasset" 688
"C:/UE5SourceBuildCompleteProjects/PlayFabTestx/Content/Characters/Mannequins/Rigs/Poses/Manny/Manny_hand_l_pose.uexp" 689
"C:/UE5SourceBuildCompleteProjects/PlayFabTestx/Content/Characters/Mannequins/Rigs/Poses/Manny/Manny_upperarm_r_anim.uasset" 690
"C:/UE5SourceBuildCompleteProjects/PlayFabTestx/Content/Characters/Mannequins/Rigs/Poses/Manny/Manny_upperarm_r_anim.uexp" 691
"C:/UE5SourceBuildCompleteProjects/PlayFabTestx/Content/Characters/Mannequins/Rigs/Poses/Manny/Manny_upperarm_r_pose.uasset" 692
"C:/UE5SourceBuildCompleteProjects/PlayFabTestx/Content/Characters/Mannequins/Rigs/Poses/Manny/Manny_upperarm_r_pose.uexp" 693
"C:/UE5SourceBuildCompleteProjects/PlayFabTestx/Content/Characters/Mannequins/Rigs/Poses/Manny/Manny_lowerarm_r_anim.uasset" 694
"C:/UE5SourceBuildCompleteProjects/PlayFabTestx/Content/Characters/Mannequins/Rigs/Poses/Manny/Manny_lowerarm_r_anim.uexp" 695
"C:/UE5SourceBuildCompleteProjects/PlayFabTestx/Content/Characters/Mannequins/Rigs/Poses/Manny/Manny_lowerarm_r_pose.uasset" 696
"C:/UE5SourceBuildCompleteProjects/PlayFabTestx/Content/Characters/Mannequins/Rigs/Poses/Manny/Manny_lowerarm_r_pose.uexp" 697
"C:/UE5SourceBuildCompleteProjects/PlayFabTestx/Content/Characters/Mannequins/Rigs/Poses/Manny/Manny_calf_r_anim.uasset" 698
"C:/UE5SourceBuildCompleteProjects/PlayFabTestx/Content/Characters/Mannequins/Rigs/Poses/Manny/Manny_calf_r_anim.uexp" 699
"C:/UE5SourceBuildCompleteProjects/PlayFabTestx/Content/Characters/Mannequins/Rigs/Poses/Manny/Manny_calf_r_pose.uasset" 700
"C:/UE5SourceBuildCompleteProjects/PlayFabTestx/Content/Characters/Mannequins/Rigs/Poses/Manny/Manny_calf_r_pose.uexp" 701
"C:/UE5SourceBuildCompleteProjects/PlayFabTestx/Content/Characters/Mannequins/Rigs/Poses/Manny/Manny_foot_r_anim.uasset" 702
"C:/UE5SourceBuildCompleteProjects/PlayFabTestx/Content/Characters/Mannequins/Rigs/Poses/Manny/Manny_foot_r_anim.uexp" 703
"C:/UE5SourceBuildCompleteProjects/PlayFabTestx/Content/Characters/Mannequins/Rigs/Poses/Manny/Manny_foot_r_pose.uasset" 704
"C:/UE5SourceBuildCompleteProjects/PlayFabTestx/Content/Characters/Mannequins/Rigs/Poses/Manny/Manny_foot_r_pose.uexp" 705
"C:/UE5SourceBuildCompleteProjects/PlayFabTestx/Content/Characters/Mannequins/Rigs/Poses/Manny/Manny_lowerarm_l_anim.uasset" 706
"C:/UE5SourceBuildCompleteProjects/PlayFabTestx/Content/Characters/Mannequins/Rigs/Poses/Manny/Manny_lowerarm_l_anim.uexp" 707
"C:/UE5SourceBuildCompleteProjects/PlayFabTestx/Content/Characters/Mannequins/Rigs/Poses/Manny/Manny_lowerarm_l_pose.uasset" 708
"C:/UE5SourceBuildCompleteProjects/PlayFabTestx/Content/Characters/Mannequins/Rigs/Poses/Manny/Manny_lowerarm_l_pose.uexp" 709
"C:/UE5SourceBuildCompleteProjects/PlayFabTestx/Content/Characters/Mannequins/Rigs/Poses/Manny/Manny_clavicle_r_anim.uasset" 710
"C:/UE5SourceBuildCompleteProjects/PlayFabTestx/Content/Characters/Mannequins/Rigs/Poses/Manny/Manny_clavicle_r_anim.uexp" 711
"C:/UE5SourceBuildCompleteProjects/PlayFabTestx/Content/Characters/Mannequins/Rigs/Poses/Manny/Manny_clavicle_r_pose.uasset" 712
"C:/UE5SourceBuildCompleteProjects/PlayFabTestx/Content/Characters/Mannequins/Rigs/Poses/Manny/Manny_clavicle_r_pose.uexp" 713
"C:/UE5SourceBuildCompleteProjects/PlayFabTestx/Content/Characters/Mannequins/Rigs/Poses/Manny/Manny_thigh_l_anim.uasset" 714
"C:/UE5SourceBuildCompleteProjects/PlayFabTestx/Content/Characters/Mannequins/Rigs/Poses/Manny/Manny_thigh_l_anim.uexp" 715
"C:/UE5SourceBuildCompleteProjects/PlayFabTestx/Content/Characters/Mannequins/Rigs/Poses/Manny/Manny_thigh_l_pose.uasset" 716
"C:/UE5SourceBuildCompleteProjects/PlayFabTestx/Content/Characters/Mannequins/Rigs/Poses/Manny/Manny_thigh_l_pose.uexp" 717
"C:/UE5SourceBuildCompleteProjects/PlayFabTestx/Content/Characters/Mannequins/Rigs/Poses/Manny/Manny_upperarm_l_anim.uasset" 718
"C:/UE5SourceBuildCompleteProjects/PlayFabTestx/Content/Characters/Mannequins/Rigs/Poses/Manny/Manny_upperarm_l_anim.uexp" 719
"C:/UE5SourceBuildCompleteProjects/PlayFabTestx/Content/Characters/Mannequins/Rigs/Poses/Manny/Manny_upperarm_l_pose.uasset" 720
"C:/UE5SourceBuildCompleteProjects/PlayFabTestx/Content/Characters/Mannequins/Rigs/Poses/Manny/Manny_upperarm_l_pose.uexp" 721
"C:/UE5SourceBuildCompleteProjects/PlayFabTestx/Content/Characters/Mannequins/Rigs/ABP_Manny_PostProcess.uasset" 722
"C:/UE5SourceBuildCompleteProjects/PlayFabTestx/Content/Characters/Mannequins/Rigs/ABP_Manny_PostProcess.uexp" 723
"C:/UE5SourceBuildCompleteProjects/PlayFabTestx/Content/Characters/Mannequins/Meshes/SKM_Manny.uasset" 724
"C:/UE5SourceBuildCompleteProjects/PlayFabTestx/Content/Characters/Mannequins/Meshes/SKM_Manny.uexp" 725
"C:/UE5SourceBuildCompleteProjects/PlayFabTestx/Content/Characters/Mannequins/Rigs/IK_Mannequin.uasset" 726
"C:/UE5SourceBuildCompleteProjects/PlayFabTestx/Content/Characters/Mannequins/Rigs/IK_Mannequin.uexp" 727
"C:/UE5SourceBuildCompleteProjects/PlayFabTestx/Content/Characters/Mannequins/Rigs/RTG_Mannequin.uasset" 728
"C:/UE5SourceBuildCompleteProjects/PlayFabTestx/Content/Characters/Mannequins/Rigs/RTG_Mannequin.uexp" 729
"C:/UE5SourceBuildCompleteProjects/PlayFabTestx/Content/Characters/Mannequin_UE4/Textures/T_UELogo_N_TGA.uasset" 730
"C:/UE5SourceBuildCompleteProjects/PlayFabTestx/Content/Characters/Mannequin_UE4/Textures/T_UELogo_N_TGA.uexp" 731
"C:/UE5SourceBuildCompleteProjects/PlayFabTestx/Content/Characters/Mannequin_UE4/Textures/T_UE4_Mannequin__normals.uasset" 732
"C:/UE5SourceBuildCompleteProjects/PlayFabTestx/Content/Characters/Mannequin_UE4/Textures/T_UE4_Mannequin__normals.uexp" 733
"C:/UE5SourceBuildCompleteProjects/PlayFabTestx/Content/Characters/Mannequin_UE4/Materials/Layers/ML_ShinyPlastic_Beige.uasset" 734
"C:/UE5SourceBuildCompleteProjects/PlayFabTestx/Content/Characters/Mannequin_UE4/Materials/Layers/ML_ShinyPlastic_Beige.uexp" 735
"../../../Engine/Content/Functions/Engine_MaterialFunctions02/Utility/BlendAngleCorrectedNormals.uasset" 736
"../../../Engine/Content/Functions/Engine_MaterialFunctions02/Utility/BlendAngleCorrectedNormals.uexp" 737
"../../../Engine/Content/Functions/MaterialLayerFunctions/MatLayerBlend_NormalBlend.uasset" 738
"../../../Engine/Content/Functions/MaterialLayerFunctions/MatLayerBlend_NormalBlend.uexp" 739
"C:/UE5SourceBuildCompleteProjects/PlayFabTestx/Content/Characters/Mannequin_UE4/Textures/T_UELogo_Mask.uasset" 740
"C:/UE5SourceBuildCompleteProjects/PlayFabTestx/Content/Characters/Mannequin_UE4/Textures/T_UELogo_Mask.uexp" 741
"C:/UE5SourceBuildCompleteProjects/PlayFabTestx/Content/Characters/Mannequin_UE4/Materials/Layers/ML_ShinyPlastic_Beige_Logo.uasset" 742
"C:/UE5SourceBuildCompleteProjects/PlayFabTestx/Content/Characters/Mannequin_UE4/Materials/Layers/ML_ShinyPlastic_Beige_Logo.uexp" 743
"C:/UE5SourceBuildCompleteProjects/PlayFabTestx/Content/Characters/Mannequin_UE4/Textures/T_UE4_Mannequin_MAT_MASKA.uasset" 744
"C:/UE5SourceBuildCompleteProjects/PlayFabTestx/Content/Characters/Mannequin_UE4/Textures/T_UE4_Mannequin_MAT_MASKA.uexp" 745
"C:/UE5SourceBuildCompleteProjects/PlayFabTestx/Content/Characters/Mannequin_UE4/Textures/T_ML_Aluminum01_N.uasset" 746
"C:/UE5SourceBuildCompleteProjects/PlayFabTestx/Content/Characters/Mannequin_UE4/Textures/T_ML_Aluminum01_N.uexp" 747
"C:/UE5SourceBuildCompleteProjects/PlayFabTestx/Content/Characters/Mannequin_UE4/Textures/T_ML_Aluminum01.uasset" 748
"C:/UE5SourceBuildCompleteProjects/PlayFabTestx/Content/Characters/Mannequin_UE4/Textures/T_ML_Aluminum01.uexp" 749
"C:/UE5SourceBuildCompleteProjects/PlayFabTestx/Content/Characters/Mannequin_UE4/Materials/Layers/ML_SoftMetal.uasset" 750
"C:/UE5SourceBuildCompleteProjects/PlayFabTestx/Content/Characters/Mannequin_UE4/Materials/Layers/ML_SoftMetal.uexp" 751
"../../../Engine/Content/Functions/MaterialLayerFunctions/MatLayerBlend_Simple.uasset" 752
"../../../Engine/Content/Functions/MaterialLayerFunctions/MatLayerBlend_Simple.uexp" 753
"C:/UE5SourceBuildCompleteProjects/PlayFabTestx/Content/Characters/Mannequin_UE4/Textures/T_ML_Rubber_Blue_01_N.uasset" 754
"C:/UE5SourceBuildCompleteProjects/PlayFabTestx/Content/Characters/Mannequin_UE4/Textures/T_ML_Rubber_Blue_01_N.uexp" 755
"C:/UE5SourceBuildCompleteProjects/PlayFabTestx/Content/Characters/Mannequin_UE4/Textures/T_ML_Rubber_Blue_01_D.uasset" 756
"C:/UE5SourceBuildCompleteProjects/PlayFabTestx/Content/Characters/Mannequin_UE4/Textures/T_ML_Rubber_Blue_01_D.uexp" 757
"C:/UE5SourceBuildCompleteProjects/PlayFabTestx/Content/Characters/Mannequin_UE4/Materials/Layers/ML_Latex_Black.uasset" 758
"C:/UE5SourceBuildCompleteProjects/PlayFabTestx/Content/Characters/Mannequin_UE4/Materials/Layers/ML_Latex_Black.uexp" 759
"C:/UE5SourceBuildCompleteProjects/PlayFabTestx/Content/Characters/Mannequin_UE4/Materials/M_MannequinUE4_Body.uasset" 760
"C:/UE5SourceBuildCompleteProjects/PlayFabTestx/Content/Characters/Mannequin_UE4/Materials/M_MannequinUE4_Body.uexp" 761
"C:/UE5SourceBuildCompleteProjects/PlayFabTestx/Content/Characters/Mannequin_UE4/Materials/M_MannequinUE4_ChestLogo.uasset" 762
"C:/UE5SourceBuildCompleteProjects/PlayFabTestx/Content/Characters/Mannequin_UE4/Materials/M_MannequinUE4_ChestLogo.uexp" 763
"C:/UE5SourceBuildCompleteProjects/PlayFabTestx/Content/Characters/Mannequin_UE4/Meshes/SK_Mannequin_PhysicsAsset.uasset" 764
"C:/UE5SourceBuildCompleteProjects/PlayFabTestx/Content/Characters/Mannequin_UE4/Meshes/SK_Mannequin_PhysicsAsset.uexp" 765
"C:/UE5SourceBuildCompleteProjects/PlayFabTestx/Content/Characters/Mannequin_UE4/Meshes/SK_Mannequin_Skeleton.uasset" 766
"C:/UE5SourceBuildCompleteProjects/PlayFabTestx/Content/Characters/Mannequin_UE4/Meshes/SK_Mannequin_Skeleton.uexp" 767
"C:/UE5SourceBuildCompleteProjects/PlayFabTestx/Content/Characters/Mannequin_UE4/Meshes/SK_Mannequin.uasset" 768
"C:/UE5SourceBuildCompleteProjects/PlayFabTestx/Content/Characters/Mannequin_UE4/Meshes/SK_Mannequin.uexp" 769
"C:/UE5SourceBuildCompleteProjects/PlayFabTestx/Content/Characters/Mannequin_UE4/Rigs/IK_UE4_Mannequin.uasset" 770
"C:/UE5SourceBuildCompleteProjects/PlayFabTestx/Content/Characters/Mannequin_UE4/Rigs/IK_UE4_Mannequin.uexp" 771
"C:/UE5SourceBuildCompleteProjects/PlayFabTestx/Content/Characters/Mannequin_UE4/Rigs/RTG_UE5Manny_UE4Manny.uasset" 772
"C:/UE5SourceBuildCompleteProjects/PlayFabTestx/Content/Characters/Mannequin_UE4/Rigs/RTG_UE5Manny_UE4Manny.uexp" 773
"C:/UE5SourceBuildCompleteProjects/PlayFabTestx/Content/Characters/Mannequin_UE4/Rigs/RTG_UE4Manny_UE5Manny.uasset" 774
"C:/UE5SourceBuildCompleteProjects/PlayFabTestx/Content/Characters/Mannequin_UE4/Rigs/RTG_UE4Manny_UE5Manny.uexp" 775
"C:/UE5SourceBuildCompleteProjects/PlayFabTestx/Content/Characters/Mannequin_UE4/Animations/Jog_Fwd.uasset" 776
"C:/UE5SourceBuildCompleteProjects/PlayFabTestx/Content/Characters/Mannequin_UE4/Animations/Jog_Fwd.uexp" 777
"C:/UE5SourceBuildCompleteProjects/PlayFabTestx/Content/ThirdPerson/Maps/ThirdPersonMap_BuiltData.uasset" 778
"C:/UE5SourceBuildCompleteProjects/PlayFabTestx/Content/ThirdPerson/Maps/ThirdPersonMap_BuiltData.uexp" 779
"C:/UE5SourceBuildCompleteProjects/PlayFabTestx/Content/Characters/Mannequins/Meshes/SKM_Quinn_Simple.uasset" 780
"C:/UE5SourceBuildCompleteProjects/PlayFabTestx/Content/Characters/Mannequins/Meshes/SKM_Quinn_Simple.uexp" 781
"C:/UE5SourceBuildCompleteProjects/PlayFabTestx/Content/Characters/Mannequins/Animations/Quinn/MF_Run_Fwd.uasset" 782
"C:/UE5SourceBuildCompleteProjects/PlayFabTestx/Content/Characters/Mannequins/Animations/Quinn/MF_Run_Fwd.uexp" 783
"C:/UE5SourceBuildCompleteProjects/PlayFabTestx/Content/Characters/Mannequins/Animations/Quinn/MF_Walk_Fwd.uasset" 784
"C:/UE5SourceBuildCompleteProjects/PlayFabTestx/Content/Characters/Mannequins/Animations/Quinn/MF_Walk_Fwd.uexp" 785
"../../../Engine/Content/Animation/DefaultRecorderBoneCompression.uasset" 786
"../../../Engine/Content/Animation/DefaultRecorderBoneCompression.uexp" 787
"C:/UE5SourceBuildCompleteProjects/PlayFabTestx/Content/Characters/Mannequins/Animations/Manny/MM_Walk_InPlace.uasset" 788
"C:/UE5SourceBuildCompleteProjects/PlayFabTestx/Content/Characters/Mannequins/Animations/Manny/MM_Walk_InPlace.uexp" 789
"C:/UE5SourceBuildCompleteProjects/PlayFabTestx/Content/Characters/Mannequins/Animations/Quinn/BS_MF_Unarmed_WalkRun.uasset" 790
"C:/UE5SourceBuildCompleteProjects/PlayFabTestx/Content/Characters/Mannequins/Animations/Quinn/BS_MF_Unarmed_WalkRun.uexp" 791
"C:/UE5SourceBuildCompleteProjects/PlayFabTestx/Content/Characters/Mannequins/Animations/Quinn/MF_Idle.uasset" 792
"C:/UE5SourceBuildCompleteProjects/PlayFabTestx/Content/Characters/Mannequins/Animations/Quinn/MF_Idle.uexp" 793
"C:/UE5SourceBuildCompleteProjects/PlayFabTestx/Content/Characters/Mannequins/Animations/Manny/MM_Fall_Loop.uasset" 794
"C:/UE5SourceBuildCompleteProjects/PlayFabTestx/Content/Characters/Mannequins/Animations/Manny/MM_Fall_Loop.uexp" 795
"C:/UE5SourceBuildCompleteProjects/PlayFabTestx/Content/Characters/Mannequins/Animations/Manny/MM_Jump.uasset" 796
"C:/UE5SourceBuildCompleteProjects/PlayFabTestx/Content/Characters/Mannequins/Animations/Manny/MM_Jump.uexp" 797
"C:/UE5SourceBuildCompleteProjects/PlayFabTestx/Content/Characters/Mannequins/Rigs/CR_Mannequin_BasicFootIK.uasset" 798
"C:/UE5SourceBuildCompleteProjects/PlayFabTestx/Content/Characters/Mannequins/Rigs/CR_Mannequin_BasicFootIK.uexp" 799
"C:/UE5SourceBuildCompleteProjects/PlayFabTestx/Content/Characters/Mannequins/Animations/Manny/MM_Run_Fwd.uasset" 800
"C:/UE5SourceBuildCompleteProjects/PlayFabTestx/Content/Characters/Mannequins/Animations/Manny/MM_Run_Fwd.uexp" 801
"C:/UE5SourceBuildCompleteProjects/PlayFabTestx/Content/Characters/Mannequins/Animations/Manny/MM_Walk_Fwd.uasset" 802
"C:/UE5SourceBuildCompleteProjects/PlayFabTestx/Content/Characters/Mannequins/Animations/Manny/MM_Walk_Fwd.uexp" 803
"C:/UE5SourceBuildCompleteProjects/PlayFabTestx/Content/Characters/Mannequins/Animations/Manny/BS_MM_WalkRun.uasset" 804
"C:/UE5SourceBuildCompleteProjects/PlayFabTestx/Content/Characters/Mannequins/Animations/Manny/BS_MM_WalkRun.uexp" 805
"C:/UE5SourceBuildCompleteProjects/PlayFabTestx/Content/Characters/Mannequins/Animations/Manny/MM_Land.uasset" 806
"C:/UE5SourceBuildCompleteProjects/PlayFabTestx/Content/Characters/Mannequins/Animations/Manny/MM_Land.uexp" 807
"C:/UE5SourceBuildCompleteProjects/PlayFabTestx/Content/Characters/Mannequins/Animations/Manny/MM_Idle.uasset" 808
"C:/UE5SourceBuildCompleteProjects/PlayFabTestx/Content/Characters/Mannequins/Animations/Manny/MM_Idle.uexp" 809
"C:/UE5SourceBuildCompleteProjects/PlayFabTestx/Content/Characters/Mannequins/Animations/ABP_Manny.uasset" 810
"C:/UE5SourceBuildCompleteProjects/PlayFabTestx/Content/Characters/Mannequins/Animations/ABP_Manny.uexp" 811
"C:/UE5SourceBuildCompleteProjects/PlayFabTestx/Content/Characters/Mannequins/Animations/ABP_Quinn.uasset" 812
"C:/UE5SourceBuildCompleteProjects/PlayFabTestx/Content/Characters/Mannequins/Animations/ABP_Quinn.uexp" 813
"C:/UE5SourceBuildCompleteProjects/PlayFabTestx/Content/ThirdPerson/Blueprints/BP_ThirdPersonCharacter.uasset" 814
"C:/UE5SourceBuildCompleteProjects/PlayFabTestx/Content/ThirdPerson/Blueprints/BP_ThirdPersonCharacter.uexp" 815
"C:/UE5SourceBuildCompleteProjects/PlayFabTestx/Content/LevelPrototyping/Textures/T_GridChecker_A.uasset" 816
"C:/UE5SourceBuildCompleteProjects/PlayFabTestx/Content/LevelPrototyping/Textures/T_GridChecker_A.uexp" 817
"C:/UE5SourceBuildCompleteProjects/PlayFabTestx/Content/LevelPrototyping/Materials/MF_ProcGrid.uasset" 818
"C:/UE5SourceBuildCompleteProjects/PlayFabTestx/Content/LevelPrototyping/Materials/MF_ProcGrid.uexp" 819
"C:/UE5SourceBuildCompleteProjects/PlayFabTestx/Content/LevelPrototyping/Materials/M_PrototypeGrid.uasset" 820
"C:/UE5SourceBuildCompleteProjects/PlayFabTestx/Content/LevelPrototyping/Materials/M_PrototypeGrid.uexp" 821
"C:/UE5SourceBuildCompleteProjects/PlayFabTestx/Content/LevelPrototyping/Materials/MI_PrototypeGrid_Gray.uasset" 822
"C:/UE5SourceBuildCompleteProjects/PlayFabTestx/Content/LevelPrototyping/Materials/MI_PrototypeGrid_Gray.uexp" 823
"C:/UE5SourceBuildCompleteProjects/PlayFabTestx/Content/LevelPrototyping/Meshes/SM_Ramp.uasset" 824
"C:/UE5SourceBuildCompleteProjects/PlayFabTestx/Content/LevelPrototyping/Meshes/SM_Ramp.uexp" 825
"C:/UE5SourceBuildCompleteProjects/PlayFabTestx/Content/LevelPrototyping/Meshes/SM_QuarterCylinder.uasset" 826
"C:/UE5SourceBuildCompleteProjects/PlayFabTestx/Content/LevelPrototyping/Meshes/SM_QuarterCylinder.uexp" 827
"C:/UE5SourceBuildCompleteProjects/PlayFabTestx/Content/LevelPrototyping/Meshes/SM_Cylinder.uasset" 828
"C:/UE5SourceBuildCompleteProjects/PlayFabTestx/Content/LevelPrototyping/Meshes/SM_Cylinder.uexp" 829
"C:/UE5SourceBuildCompleteProjects/PlayFabTestx/Content/LevelPrototyping/Meshes/SM_Cube.uasset" 830
"C:/UE5SourceBuildCompleteProjects/PlayFabTestx/Content/LevelPrototyping/Meshes/SM_Cube.uexp" 831
"C:/UE5SourceBuildCompleteProjects/PlayFabTestx/Content/LevelPrototyping/Materials/M_Solid.uasset" 832
"C:/UE5SourceBuildCompleteProjects/PlayFabTestx/Content/LevelPrototyping/Materials/M_Solid.uexp" 833
"C:/UE5SourceBuildCompleteProjects/PlayFabTestx/Content/LevelPrototyping/Materials/MI_Solid_Blue.uasset" 834
"C:/UE5SourceBuildCompleteProjects/PlayFabTestx/Content/LevelPrototyping/Materials/MI_Solid_Blue.uexp" 835
"C:/UE5SourceBuildCompleteProjects/PlayFabTestx/Content/LevelPrototyping/Meshes/SM_ChamferCube.uasset" 836
"C:/UE5SourceBuildCompleteProjects/PlayFabTestx/Content/LevelPrototyping/Meshes/SM_ChamferCube.uexp" 837
"C:/UE5SourceBuildCompleteProjects/PlayFabTestx/Content/LevelPrototyping/Materials/MI_PrototypeGrid_TopDark.uasset" 838
"C:/UE5SourceBuildCompleteProjects/PlayFabTestx/Content/LevelPrototyping/Materials/MI_PrototypeGrid_TopDark.uexp" 839
"C:/UE5SourceBuildCompleteProjects/PlayFabTestx/Content/LevelPrototyping/Materials/MI_PrototypeGrid_Gray_02.uasset" 840
"C:/UE5SourceBuildCompleteProjects/PlayFabTestx/Content/LevelPrototyping/Materials/MI_PrototypeGrid_Gray_02.uexp" 841
"C:/UE5SourceBuildCompleteProjects/PlayFabTestx/Content/ThirdPerson/Interfaces/BPI_GameInstBPInterface.uasset" 842
"C:/UE5SourceBuildCompleteProjects/PlayFabTestx/Content/ThirdPerson/Interfaces/BPI_GameInstBPInterface.uexp" 843
"../../../Engine/Content/EditorBlueprintResources/StandardMacros.uasset" 844
"../../../Engine/Content/EditorBlueprintResources/StandardMacros.uexp" 845
"C:/UE5SourceBuildCompleteProjects/PlayFabTestx/Content/ThirdPerson/Blueprints/BP_GameInstance.uasset" 846
"C:/UE5SourceBuildCompleteProjects/PlayFabTestx/Content/ThirdPerson/Blueprints/BP_GameInstance.uexp" 847
"../../../Engine/Plugins/Animation/ControlRig/Content/Controls/DefaultGizmoLibraryNormalized.uasset" 848
"../../../Engine/Plugins/Animation/ControlRig/Content/Controls/DefaultGizmoLibraryNormalized.uexp" 849
"C:/UE5SourceBuildCompleteProjects/PlayFabTestx/Content/Characters/Mannequins/Rigs/CR_Mannequin_Body.uasset" 850
"C:/UE5SourceBuildCompleteProjects/PlayFabTestx/Content/Characters/Mannequins/Rigs/CR_Mannequin_Body.uexp" 851
"../../../Engine/Content/Maps/Entry_BuiltData.uasset" 852
"../../../Engine/Content/Maps/Entry_BuiltData.uexp" 853
"../../../Engine/Content/Maps/Entry.uexp" 854
"../../../Engine/Content/Maps/Entry.umap" 855
"../../../Engine/Content/Maps/Templates/HLODs/HLODLayer_Instanced.uasset" 856
"../../../Engine/Content/Maps/Templates/HLODs/HLODLayer_Instanced.uexp" 857
"C:/UE5SourceBuildCompleteProjects/PlayFabTestx/Content/ThirdPerson/Interfaces/BPI_WidgetBPInterface.uasset" 858
"C:/UE5SourceBuildCompleteProjects/PlayFabTestx/Content/ThirdPerson/Interfaces/BPI_WidgetBPInterface.uexp" 859
"C:/UE5SourceBuildCompleteProjects/PlayFabTestx/Content/ThirdPerson/Blueprints/WBP_PlayFabx.uasset" 860
"C:/UE5SourceBuildCompleteProjects/PlayFabTestx/Content/ThirdPerson/Blueprints/WBP_PlayFabx.uexp" 861
"C:/UE5SourceBuildCompleteProjects/PlayFabTestx/Content/ThirdPerson/Maps/ThirdPersonMap.uexp" 862
"C:/UE5SourceBuildCompleteProjects/PlayFabTestx/Content/ThirdPerson/Maps/ThirdPersonMap.umap" 863
"C:/UE5SourceBuildCompleteProjects/PlayFabTestx/Content/ThirdPerson/Maps/ServerDefMap_HLOD0_Instancing.uasset" 864
"C:/UE5SourceBuildCompleteProjects/PlayFabTestx/Content/ThirdPerson/Maps/ServerDefMap_HLOD0_Instancing.uexp" 865
"C:/UE5SourceBuildCompleteProjects/PlayFabTestx/Content/ThirdPerson/Maps/ServerDefMap.uexp" 866
"C:/UE5SourceBuildCompleteProjects/PlayFabTestx/Content/ThirdPerson/Maps/ServerDefMap.umap" 867
"C:/UE5SourceBuildCompleteProjects/PlayFabTestx/Content/ThirdPerson/Maps/ServerDefMap/_Generated_/ServerDefMap_MainGrid_L2_X-1_Y-1_DL0.uexp" 868
"C:/UE5SourceBuildCompleteProjects/PlayFabTestx/Content/ThirdPerson/Maps/ServerDefMap/_Generated_/ServerDefMap_MainGrid_L2_X-1_Y-1_DL0.umap" 869
"C:/UE5SourceBuildCompleteProjects/PlayFabTestx/Content/ThirdPerson/Maps/ServerDefMap/_Generated_/ServerDefMap_MainGrid_L2_X0_Y0_DL0.uexp" 870
"C:/UE5SourceBuildCompleteProjects/PlayFabTestx/Content/ThirdPerson/Maps/ServerDefMap/_Generated_/ServerDefMap_MainGrid_L2_X0_Y0_DL0.umap" 871
"C:/UE5SourceBuildCompleteProjects/PlayFabTestx/Content/ThirdPerson/Maps/ServerDefMap/_Generated_/ServerDefMap_MainGrid_L2_X0_Y-1_DL0.uexp" 872
"C:/UE5SourceBuildCompleteProjects/PlayFabTestx/Content/ThirdPerson/Maps/ServerDefMap/_Generated_/ServerDefMap_MainGrid_L2_X0_Y-1_DL0.umap" 873
"C:/UE5SourceBuildCompleteProjects/PlayFabTestx/Content/ThirdPerson/Maps/ServerDefMap/_Generated_/ServerDefMap_MainGrid_L2_X-1_Y0_DL0.uexp" 874
"C:/UE5SourceBuildCompleteProjects/PlayFabTestx/Content/ThirdPerson/Maps/ServerDefMap/_Generated_/ServerDefMap_MainGrid_L2_X-1_Y0_DL0.umap" 875
"C:/UE5SourceBuildCompleteProjects/PlayFabTestx/Content/ThirdPerson/Maps/ServerDefMap/_Generated_/ServerDefMap_MainGrid_L1_X-2_Y-1_DL0.uexp" 876
"C:/UE5SourceBuildCompleteProjects/PlayFabTestx/Content/ThirdPerson/Maps/ServerDefMap/_Generated_/ServerDefMap_MainGrid_L1_X-2_Y-1_DL0.umap" 877
"C:/UE5SourceBuildCompleteProjects/PlayFabTestx/Content/ThirdPerson/Maps/ServerDefMap/_Generated_/ServerDefMap_MainGrid_L1_X0_Y1_DL0.uexp" 878
"C:/UE5SourceBuildCompleteProjects/PlayFabTestx/Content/ThirdPerson/Maps/ServerDefMap/_Generated_/ServerDefMap_MainGrid_L1_X0_Y1_DL0.umap" 879
"C:/UE5SourceBuildCompleteProjects/PlayFabTestx/Content/ThirdPerson/Maps/ServerDefMap/_Generated_/ServerDefMap_MainGrid_L1_X-1_Y-2_DL0.uexp" 880
"C:/UE5SourceBuildCompleteProjects/PlayFabTestx/Content/ThirdPerson/Maps/ServerDefMap/_Generated_/ServerDefMap_MainGrid_L1_X-1_Y-2_DL0.umap" 881
"C:/UE5SourceBuildCompleteProjects/PlayFabTestx/Content/ThirdPerson/Maps/ServerDefMap/_Generated_/ServerDefMap_MainGrid_L1_X0_Y0_DL0.uexp" 882
"C:/UE5SourceBuildCompleteProjects/PlayFabTestx/Content/ThirdPerson/Maps/ServerDefMap/_Generated_/ServerDefMap_MainGrid_L1_X0_Y0_DL0.umap" 883
"C:/UE5SourceBuildCompleteProjects/PlayFabTestx/Content/ThirdPerson/Maps/ServerDefMap/_Generated_/ServerDefMap_MainGrid_L1_X-1_Y-1_DL0.uexp" 884
"C:/UE5SourceBuildCompleteProjects/PlayFabTestx/Content/ThirdPerson/Maps/ServerDefMap/_Generated_/ServerDefMap_MainGrid_L1_X-1_Y-1_DL0.umap" 885
"C:/UE5SourceBuildCompleteProjects/PlayFabTestx/Content/ThirdPerson/Maps/ServerDefMap/_Generated_/ServerDefMap_MainGrid_L1_X-2_Y-2_DL0.uexp" 886
"C:/UE5SourceBuildCompleteProjects/PlayFabTestx/Content/ThirdPerson/Maps/ServerDefMap/_Generated_/ServerDefMap_MainGrid_L1_X-2_Y-2_DL0.umap" 887
"C:/UE5SourceBuildCompleteProjects/PlayFabTestx/Content/ThirdPerson/Maps/ServerDefMap/_Generated_/ServerDefMap_MainGrid_L1_X1_Y-2_DL0.uexp" 888
"C:/UE5SourceBuildCompleteProjects/PlayFabTestx/Content/ThirdPerson/Maps/ServerDefMap/_Generated_/ServerDefMap_MainGrid_L1_X1_Y-2_DL0.umap" 889
"C:/UE5SourceBuildCompleteProjects/PlayFabTestx/Content/ThirdPerson/Maps/ServerDefMap/_Generated_/ServerDefMap_MainGrid_L1_X1_Y1_DL0.uexp" 890
"C:/UE5SourceBuildCompleteProjects/PlayFabTestx/Content/ThirdPerson/Maps/ServerDefMap/_Generated_/ServerDefMap_MainGrid_L1_X1_Y1_DL0.umap" 891
"C:/UE5SourceBuildCompleteProjects/PlayFabTestx/Content/ThirdPerson/Maps/ServerDefMap/_Generated_/ServerDefMap_MainGrid_L1_X0_Y-1_DL0.uexp" 892
"C:/UE5SourceBuildCompleteProjects/PlayFabTestx/Content/ThirdPerson/Maps/ServerDefMap/_Generated_/ServerDefMap_MainGrid_L1_X0_Y-1_DL0.umap" 893
"C:/UE5SourceBuildCompleteProjects/PlayFabTestx/Content/ThirdPerson/Maps/ServerDefMap/_Generated_/ServerDefMap_MainGrid_L1_X-1_Y0_DL0.uexp" 894
"C:/UE5SourceBuildCompleteProjects/PlayFabTestx/Content/ThirdPerson/Maps/ServerDefMap/_Generated_/ServerDefMap_MainGrid_L1_X-1_Y0_DL0.umap" 895
"C:/UE5SourceBuildCompleteProjects/PlayFabTestx/Content/ThirdPerson/Maps/ServerDefMap/_Generated_/ServerDefMap_MainGrid_L1_X-1_Y1_DL0.uexp" 896
"C:/UE5SourceBuildCompleteProjects/PlayFabTestx/Content/ThirdPerson/Maps/ServerDefMap/_Generated_/ServerDefMap_MainGrid_L1_X-1_Y1_DL0.umap" 897
"C:/UE5SourceBuildCompleteProjects/PlayFabTestx/Content/ThirdPerson/Maps/ServerDefMap/_Generated_/ServerDefMap_MainGrid_L1_X-2_Y0_DL0.uexp" 898
"C:/UE5SourceBuildCompleteProjects/PlayFabTestx/Content/ThirdPerson/Maps/ServerDefMap/_Generated_/ServerDefMap_MainGrid_L1_X-2_Y0_DL0.umap" 899
"C:/UE5SourceBuildCompleteProjects/PlayFabTestx/Content/ThirdPerson/Maps/ServerDefMap/_Generated_/ServerDefMap_MainGrid_L1_X0_Y-2_DL0.uexp" 900
"C:/UE5SourceBuildCompleteProjects/PlayFabTestx/Content/ThirdPerson/Maps/ServerDefMap/_Generated_/ServerDefMap_MainGrid_L1_X0_Y-2_DL0.umap" 901
"C:/UE5SourceBuildCompleteProjects/PlayFabTestx/Content/ThirdPerson/Maps/ServerDefMap/_Generated_/ServerDefMap_MainGrid_L1_X-2_Y1_DL0.uexp" 902
"C:/UE5SourceBuildCompleteProjects/PlayFabTestx/Content/ThirdPerson/Maps/ServerDefMap/_Generated_/ServerDefMap_MainGrid_L1_X-2_Y1_DL0.umap" 903
"C:/UE5SourceBuildCompleteProjects/PlayFabTestx/Content/ThirdPerson/Maps/ServerDefMap/_Generated_/ServerDefMap_MainGrid_L1_X1_Y-1_DL0.uexp" 904
"C:/UE5SourceBuildCompleteProjects/PlayFabTestx/Content/ThirdPerson/Maps/ServerDefMap/_Generated_/ServerDefMap_MainGrid_L1_X1_Y-1_DL0.umap" 905
"C:/UE5SourceBuildCompleteProjects/PlayFabTestx/Content/ThirdPerson/Maps/ServerDefMap/_Generated_/ServerDefMap_MainGrid_L1_X1_Y0_DL0.uexp" 906
"C:/UE5SourceBuildCompleteProjects/PlayFabTestx/Content/ThirdPerson/Maps/ServerDefMap/_Generated_/ServerDefMap_MainGrid_L1_X1_Y0_DL0.umap" 907
"C:/UE5SourceBuildCompleteProjects/PlayFabTestx/Content/ThirdPerson/Maps/ServerDefMap/_Generated_/ServerDefMap_MainGrid_L0_X0_Y0_DL0.uexp" 908
"C:/UE5SourceBuildCompleteProjects/PlayFabTestx/Content/ThirdPerson/Maps/ServerDefMap/_Generated_/ServerDefMap_MainGrid_L0_X0_Y0_DL0.umap" 909
"C:/UE5SourceBuildCompleteProjects/PlayFabTestx/Content/ThirdPerson/Maps/ThirdPersonMap/_Generated_/ThirdPersonMap_MainGrid_L0_X-1_Y0_DL0.uexp" 910
"C:/UE5SourceBuildCompleteProjects/PlayFabTestx/Content/ThirdPerson/Maps/ThirdPersonMap/_Generated_/ThirdPersonMap_MainGrid_L0_X-1_Y0_DL0.umap" 911
"C:/UE5SourceBuildCompleteProjects/PlayFabTestx/Content/ThirdPerson/Maps/ThirdPersonMap/_Generated_/ThirdPersonMap_MainGrid_L0_X0_Y0_DL0.uexp" 912
"C:/UE5SourceBuildCompleteProjects/PlayFabTestx/Content/ThirdPerson/Maps/ThirdPersonMap/_Generated_/ThirdPersonMap_MainGrid_L0_X0_Y0_DL0.umap" 913
